2026-02-25T00:31:53.752063 | BTCUSDT | WATCH | Flat | Score: -6.5
2026-02-25T00:31:53.752951 | ETHUSDT | WATCH | Flat | Score: -6.5
2026-02-25T00:31:53.753773 | BNBUSDT | WATCH | Flat | Score: -2.3
2026-02-25T01:08:06.012936 | BTCUSDT | WATCH | Flat | Score: -6.5
2026-02-25T01:08:06.013809 | ETHUSDT | WATCH | Flat | Score: -6.5
2026-02-25T01:08:06.014744 | BNBUSDT | WATCH | Flat | Score: -2.3
2026-02-25T01:18:05.259153 | BTCUSDT | WATCH | Flat | Score: -8.1
2026-02-25T01:18:05.260052 | ETHUSDT | WATCH | Flat | Score: -6.1
2026-02-25T01:18:05.260902 | BNBUSDT | WATCH | Flat | Score: -3.0
2026-02-25T01:28:05.317951 | BTCUSDT | WATCH | Flat | Score: -8.1
2026-02-25T01:28:05.318856 | ETHUSDT | WATCH | Flat | Score: -6.1
2026-02-25T01:28:05.319719 | BNBUSDT | WATCH | Flat | Score: -3.0
2026-02-25T01:38:05.686894 | BTCUSDT | WATCH | Flat | Score: -8.1
2026-02-25T01:38:05.687796 | ETHUSDT | WATCH | Flat | Score: -6.1
2026-02-25T01:38:05.688664 | BNBUSDT | WATCH | Flat | Score: -3.0
2026-02-25T01:48:05.359930 | BTCUSDT | WATCH | Flat | Score: -8.1
2026-02-25T01:48:05.360863 | ETHUSDT | WATCH | Flat | Score: -6.1
2026-02-25T01:48:05.361776 | BNBUSDT | WATCH | Flat | Score: -3.0
2026-02-25T01:58:06.354534 | BTCUSDT | WATCH | Flat | Score: -8.1
2026-02-25T01:58:06.355436 | ETHUSDT | WATCH | Flat | Score: -6.1
2026-02-25T01:58:06.356334 | BNBUSDT | WATCH | Flat | Score: -3.0
2026-02-25T02:08:05.182503 | BTCUSDT | WATCH | Flat | Score: -8.1
2026-02-25T02:08:05.183686 | ETHUSDT | WATCH | Flat | Score: -6.1
2026-02-25T02:08:05.184784 | BNBUSDT | WATCH | Flat | Score: -3.0
2026-02-25T02:28:05.321240 | BTCUSDT | WATCH | Flat | Score: -9.8
2026-02-25T02:28:05.322210 | ETHUSDT | WATCH | Flat | Score: -11.4
2026-02-25T02:28:05.323150 | BNBUSDT | WATCH | Flat | Score: -3.5
2026-02-25T02:38:05.615683 | BTCUSDT | WATCH | Flat | Score: -9.8
2026-02-25T02:38:05.616809 | ETHUSDT | WATCH | Flat | Score: -11.4
2026-02-25T02:38:05.617932 | BNBUSDT | WATCH | Flat | Score: -3.5
2026-02-25T02:48:05.159633 | BTCUSDT | WATCH | Flat | Score: -9.8
2026-02-25T02:48:05.160619 | ETHUSDT | WATCH | Flat | Score: -11.4
2026-02-25T02:48:05.161576 | BNBUSDT | WATCH | Flat | Score: -3.5
2026-02-25T02:58:05.125811 | BTCUSDT | WATCH | Flat | Score: -9.8
2026-02-25T02:58:05.126807 | ETHUSDT | WATCH | Flat | Score: -11.4
2026-02-25T02:58:05.127793 | BNBUSDT | WATCH | Flat | Score: -3.5
2026-02-25T03:08:05.315416 | BTCUSDT | WATCH | Flat | Score: -9.8
2026-02-25T03:08:05.316448 | ETHUSDT | WATCH | Flat | Score: -11.4
2026-02-25T03:08:05.317437 | BNBUSDT | WATCH | Flat | Score: -3.5
2026-02-25T03:18:05.508198 | BTCUSDT | WATCH | Flat | Score: -9.8
2026-02-25T03:18:05.509663 | ETHUSDT | WATCH | Flat | Score: -11.4
2026-02-25T03:18:05.510817 | BNBUSDT | WATCH | Flat | Score: -3.5
2026-02-25T03:28:05.259711 | BTCUSDT | WATCH | Flat | Score: -5.9
2026-02-25T03:28:05.260755 | ETHUSDT | WATCH | Flat | Score: -12.4
2026-02-25T03:28:05.261747 | BNBUSDT | WATCH | Flat | Score: -3.5
2026-02-25T03:38:05.953338 | BTCUSDT | WATCH | Flat | Score: -5.9
2026-02-25T03:38:05.954377 | ETHUSDT | WATCH | Flat | Score: -12.4
2026-02-25T03:38:05.955385 | BNBUSDT | WATCH | Flat | Score: -3.5
2026-02-25T03:48:05.278857 | BTCUSDT | WATCH | Flat | Score: -5.9
2026-02-25T03:48:05.279913 | ETHUSDT | WATCH | Flat | Score: -12.4
2026-02-25T03:48:05.280936 | BNBUSDT | WATCH | Flat | Score: -3.5
2026-02-25T03:58:05.301045 | BTCUSDT | WATCH | Flat | Score: -5.9
2026-02-25T03:58:05.302133 | ETHUSDT | WATCH | Flat | Score: -12.4
2026-02-25T03:58:05.303245 | BNBUSDT | WATCH | Flat | Score: -3.5
2026-02-25T04:08:05.439235 | BTCUSDT | WATCH | Flat | Score: -5.9
2026-02-25T04:08:05.440415 | ETHUSDT | WATCH | Flat | Score: -12.4
2026-02-25T04:08:05.441516 | BNBUSDT | WATCH | Flat | Score: -3.5
2026-02-25T04:18:05.222921 | BTCUSDT | WATCH | Flat | Score: -5.9
2026-02-25T04:18:05.224203 | ETHUSDT | WATCH | Flat | Score: -12.4
2026-02-25T04:18:05.225439 | BNBUSDT | WATCH | Flat | Score: -3.5
2026-02-25T04:28:05.362191 | BTCUSDT | WATCH | Flat | Score: -10.1
2026-02-25T04:28:05.363337 | ETHUSDT | WATCH | Flat | Score: -7.4
2026-02-25T04:28:05.364519 | BNBUSDT | WATCH | Flat | Score: 3.7
2026-02-25T04:38:05.317139 | BTCUSDT | WATCH | Flat | Score: -10.1
2026-02-25T04:38:05.318402 | ETHUSDT | WATCH | Flat | Score: -7.4
2026-02-25T04:38:05.319435 | BNBUSDT | WATCH | Flat | Score: 3.7
2026-02-25T04:48:05.317350 | BTCUSDT | WATCH | Flat | Score: -10.1
2026-02-25T04:48:05.318472 | ETHUSDT | WATCH | Flat | Score: -7.4
2026-02-25T04:48:05.319549 | BNBUSDT | WATCH | Flat | Score: 3.7
2026-02-25T04:58:05.314570 | BTCUSDT | WATCH | Flat | Score: -10.1
2026-02-25T04:58:05.315699 | ETHUSDT | WATCH | Flat | Score: -7.4
2026-02-25T04:58:05.316827 | BNBUSDT | WATCH | Flat | Score: 3.7
2026-02-25T05:08:05.528675 | BTCUSDT | WATCH | Flat | Score: -10.1
2026-02-25T05:08:05.529793 | ETHUSDT | WATCH | Flat | Score: -7.4
2026-02-25T05:08:05.530906 | BNBUSDT | WATCH | Flat | Score: 3.7
2026-02-25T05:18:05.340308 | BTCUSDT | WATCH | Flat | Score: -10.1
2026-02-25T05:18:05.341458 | ETHUSDT | WATCH | Flat | Score: -7.4
2026-02-25T05:18:05.342579 | BNBUSDT | WATCH | Flat | Score: 3.7
2026-02-25T05:28:05.146578 | BTCUSDT | WATCH | Flat | Score: -13.1
2026-02-25T05:28:05.147830 | ETHUSDT | WATCH | Flat | Score: -12.4
2026-02-25T05:28:05.149058 | BNBUSDT | WATCH | Flat | Score: -3.2
2026-02-25T05:38:06.224409 | BTCUSDT | WATCH | Flat | Score: -13.1
2026-02-25T05:38:06.225578 | ETHUSDT | WATCH | Flat | Score: -12.4
2026-02-25T05:38:06.226748 | BNBUSDT | WATCH | Flat | Score: -3.2
2026-02-25T05:48:05.349653 | BTCUSDT | WATCH | Flat | Score: -13.1
2026-02-25T05:48:05.351044 | ETHUSDT | WATCH | Flat | Score: -12.4
2026-02-25T05:48:05.352576 | BNBUSDT | WATCH | Flat | Score: -3.2
2026-02-25T05:58:05.160252 | BTCUSDT | WATCH | Flat | Score: -13.1
2026-02-25T05:58:05.161669 | ETHUSDT | WATCH | Flat | Score: -12.4
2026-02-25T05:58:05.162964 | BNBUSDT | WATCH | Flat | Score: -3.2
2026-02-25T06:08:05.125284 | BTCUSDT | WATCH | Flat | Score: -13.1
2026-02-25T06:08:05.126498 | ETHUSDT | WATCH | Flat | Score: -12.4
2026-02-25T06:08:05.127674 | BNBUSDT | WATCH | Flat | Score: -3.2
2026-02-25T06:18:05.523080 | BTCUSDT | WATCH | Flat | Score: -13.1
2026-02-25T06:18:05.524521 | ETHUSDT | WATCH | Flat | Score: -12.4
2026-02-25T06:18:05.525820 | BNBUSDT | WATCH | Flat | Score: -3.2
2026-02-25T06:28:05.213999 | BTCUSDT | WATCH | Flat | Score: -13.1
2026-02-25T06:28:05.215175 | ETHUSDT | WATCH | Flat | Score: -7.4
2026-02-25T06:28:05.216396 | BNBUSDT | WATCH | Flat | Score: -3.2
2026-02-25T06:38:05.170100 | BTCUSDT | WATCH | Flat | Score: -13.1
2026-02-25T06:38:05.171418 | ETHUSDT | WATCH | Flat | Score: -7.4
2026-02-25T06:38:05.172671 | BNBUSDT | WATCH | Flat | Score: -3.2
2026-02-25T06:48:05.913131 | BTCUSDT | WATCH | Flat | Score: -13.1
2026-02-25T06:48:05.914655 | ETHUSDT | WATCH | Flat | Score: -7.4
2026-02-25T06:48:05.915969 | BNBUSDT | WATCH | Flat | Score: -3.2
2026-02-25T06:58:05.376808 | BTCUSDT | WATCH | Flat | Score: -13.1
2026-02-25T06:58:05.378075 | ETHUSDT | WATCH | Flat | Score: -7.4
2026-02-25T06:58:05.379331 | BNBUSDT | WATCH | Flat | Score: -3.2
2026-02-25T07:08:05.233813 | BTCUSDT | WATCH | Flat | Score: -13.1
2026-02-25T07:08:05.235055 | ETHUSDT | WATCH | Flat | Score: -7.4
2026-02-25T07:08:05.236487 | BNBUSDT | WATCH | Flat | Score: -3.2
2026-02-25T07:18:05.758234 | BTCUSDT | WATCH | Flat | Score: -13.1
2026-02-25T07:18:05.759675 | ETHUSDT | WATCH | Flat | Score: -7.4
2026-02-25T07:18:05.761117 | BNBUSDT | WATCH | Flat | Score: -3.2
2026-02-25T07:28:06.092994 | BTCUSDT | WATCH | Flat | Score: -11.4
2026-02-25T07:28:06.094286 | ETHUSDT | WATCH | Flat | Score: -2.4
2026-02-25T07:28:06.095594 | BNBUSDT | WATCH | Flat | Score: 2.5
2026-02-25T07:38:05.285610 | BTCUSDT | WATCH | Flat | Score: -11.4
2026-02-25T07:38:05.286893 | ETHUSDT | WATCH | Flat | Score: -2.4
2026-02-25T07:38:05.288141 | BNBUSDT | WATCH | Flat | Score: 2.5
2026-02-25T07:48:05.220893 | BTCUSDT | WATCH | Flat | Score: -11.4
2026-02-25T07:48:05.222174 | ETHUSDT | WATCH | Flat | Score: -2.4
2026-02-25T07:48:05.223479 | BNBUSDT | WATCH | Flat | Score: 2.5
2026-02-25T07:58:05.275580 | BTCUSDT | WATCH | Flat | Score: -11.4
2026-02-25T07:58:05.276946 | ETHUSDT | WATCH | Flat | Score: -2.4
2026-02-25T07:58:05.278268 | BNBUSDT | WATCH | Flat | Score: 2.5
2026-02-25T08:08:05.269174 | BTCUSDT | WATCH | Flat | Score: -11.4
2026-02-25T08:08:05.270514 | ETHUSDT | WATCH | Flat | Score: -2.4
2026-02-25T08:08:05.271855 | BNBUSDT | WATCH | Flat | Score: 2.5
2026-02-25T08:18:05.594330 | BTCUSDT | WATCH | Flat | Score: -11.4
2026-02-25T08:18:05.595690 | ETHUSDT | WATCH | Flat | Score: -2.4
2026-02-25T08:18:05.597017 | BNBUSDT | WATCH | Flat | Score: 2.5
2026-02-25T08:28:05.181612 | BTCUSDT | WATCH | Flat | Score: -11.1
2026-02-25T08:28:05.183143 | ETHUSDT | WATCH | Flat | Score: -17.8
2026-02-25T08:28:05.184657 | BNBUSDT | WATCH | Flat | Score: -1.8
2026-02-25T08:38:05.447862 | BTCUSDT | WATCH | Flat | Score: -11.1
2026-02-25T08:38:05.449584 | ETHUSDT | WATCH | Flat | Score: -17.8
2026-02-25T08:38:05.451200 | BNBUSDT | WATCH | Flat | Score: -1.8
2026-02-25T08:48:05.276970 | BTCUSDT | WATCH | Flat | Score: -11.1
2026-02-25T08:48:05.278377 | ETHUSDT | WATCH | Flat | Score: -17.8
2026-02-25T08:48:05.279756 | BNBUSDT | WATCH | Flat | Score: -1.8
2026-02-25T08:58:05.305912 | BTCUSDT | WATCH | Flat | Score: -11.1
2026-02-25T08:58:05.307308 | ETHUSDT | WATCH | Flat | Score: -17.8
2026-02-25T08:58:05.311101 | BNBUSDT | WATCH | Flat | Score: -1.8
2026-02-25T09:08:10.772974 | BTCUSDT | WATCH | Flat | Score: -11.1
2026-02-25T09:08:10.774362 | ETHUSDT | WATCH | Flat | Score: -17.8
2026-02-25T09:08:10.775728 | BNBUSDT | WATCH | Flat | Score: -1.8
2026-02-25T09:18:05.681743 | BTCUSDT | WATCH | Flat | Score: -11.1
2026-02-25T09:18:05.683160 | ETHUSDT | WATCH | Flat | Score: -17.8
2026-02-25T09:18:05.684581 | BNBUSDT | WATCH | Flat | Score: -1.8
2026-02-25T09:28:05.839863 | BTCUSDT | WATCH | Flat | Score: -11.1
2026-02-25T09:28:05.841289 | ETHUSDT | WATCH | Flat | Score: -17.8
2026-02-25T09:28:05.842711 | BNBUSDT | WATCH | Flat | Score: -1.8
2026-02-25T09:38:05.513094 | BTCUSDT | WATCH | Flat | Score: 0.1
2026-02-25T09:38:05.514547 | ETHUSDT | WATCH | Flat | Score: 0.1
2026-02-25T09:38:05.516020 | BNBUSDT | WATCH | Flat | Score: 7.1
2026-02-25T09:48:05.799084 | BTCUSDT | WATCH | Flat | Score: 0.1
2026-02-25T09:48:05.800544 | ETHUSDT | WATCH | Flat | Score: 0.1
2026-02-25T09:48:05.801922 | BNBUSDT | WATCH | Flat | Score: 7.1
2026-02-25T09:58:05.752034 | BTCUSDT | WATCH | Flat | Score: 0.1
2026-02-25T09:58:05.753468 | ETHUSDT | WATCH | Flat | Score: 0.1
2026-02-25T09:58:05.754887 | BNBUSDT | WATCH | Flat | Score: 7.1
2026-02-25T10:08:05.592367 | BTCUSDT | WATCH | Flat | Score: 0.1
2026-02-25T10:08:05.593914 | ETHUSDT | WATCH | Flat | Score: 0.1
2026-02-25T10:08:05.595611 | BNBUSDT | WATCH | Flat | Score: 7.1
2026-02-25T10:18:05.788061 | BTCUSDT | WATCH | Flat | Score: 0.1
2026-02-25T10:18:05.789644 | ETHUSDT | WATCH | Flat | Score: 0.1
2026-02-25T10:18:05.791387 | BNBUSDT | WATCH | Flat | Score: 7.1
2026-02-25T10:28:05.740159 | BTCUSDT | WATCH | Flat | Score: 0.1
2026-02-25T10:28:05.741672 | ETHUSDT | WATCH | Flat | Score: 0.1
2026-02-25T10:28:05.743148 | BNBUSDT | WATCH | Flat | Score: 7.1
2026-02-25T10:38:05.932687 | BTCUSDT | WATCH | Flat | Score: 0.7
2026-02-25T10:38:05.934578 | ETHUSDT | WATCH | Flat | Score: 0.7
2026-02-25T10:38:05.936500 | BNBUSDT | WATCH | Flat | Score: 9.4
2026-02-25T10:48:05.894355 | BTCUSDT | WATCH | Flat | Score: 0.7
2026-02-25T10:48:05.895871 | ETHUSDT | WATCH | Flat | Score: 0.7
2026-02-25T10:48:05.897360 | BNBUSDT | WATCH | Flat | Score: 9.4
2026-02-25T10:58:05.818267 | BTCUSDT | WATCH | Flat | Score: 0.7
2026-02-25T10:58:05.819812 | ETHUSDT | WATCH | Flat | Score: 0.7
2026-02-25T10:58:05.821345 | BNBUSDT | WATCH | Flat | Score: 9.4
2026-02-25T11:08:05.695489 | BTCUSDT | WATCH | Flat | Score: 0.7
2026-02-25T11:08:05.697010 | ETHUSDT | WATCH | Flat | Score: 0.7
2026-02-25T11:08:05.698510 | BNBUSDT | WATCH | Flat | Score: 9.4
2026-02-25T11:18:05.624688 | BTCUSDT | WATCH | Flat | Score: 0.7
2026-02-25T11:18:05.626238 | ETHUSDT | WATCH | Flat | Score: 0.7
2026-02-25T11:18:05.627779 | BNBUSDT | WATCH | Flat | Score: 9.4
2026-02-25T11:28:05.828526 | BTCUSDT | WATCH | Flat | Score: 0.7
2026-02-25T11:28:05.830043 | ETHUSDT | WATCH | Flat | Score: 0.7
2026-02-25T11:28:05.831594 | BNBUSDT | WATCH | Flat | Score: 9.4
2026-02-25T11:38:06.091685 | BTCUSDT | WATCH | Flat | Score: -5.0
2026-02-25T11:38:06.093363 | ETHUSDT | WATCH | Flat | Score: -5.0
2026-02-25T11:38:06.095215 | BNBUSDT | WATCH | Flat | Score: 6.8
2026-02-25T11:48:05.653271 | BTCUSDT | WATCH | Flat | Score: -5.0
2026-02-25T11:48:05.654860 | ETHUSDT | WATCH | Flat | Score: -5.0
2026-02-25T11:48:05.656488 | BNBUSDT | WATCH | Flat | Score: 6.8
2026-02-25T11:58:05.866669 | BTCUSDT | WATCH | Flat | Score: -5.0
2026-02-25T11:58:05.868283 | ETHUSDT | WATCH | Flat | Score: -5.0
2026-02-25T11:58:05.869801 | BNBUSDT | WATCH | Flat | Score: 6.8
2026-02-25T12:08:06.708565 | BTCUSDT | WATCH | Flat | Score: -5.0
2026-02-25T12:08:06.710147 | ETHUSDT | WATCH | Flat | Score: -5.0
2026-02-25T12:08:06.711717 | BNBUSDT | WATCH | Flat | Score: 6.8
2026-02-25T12:18:05.815775 | BTCUSDT | WATCH | Flat | Score: -5.0
2026-02-25T12:18:05.817581 | ETHUSDT | WATCH | Flat | Score: -5.0
2026-02-25T12:18:05.819452 | BNBUSDT | WATCH | Flat | Score: 6.8
2026-02-25T12:28:05.721370 | BTCUSDT | WATCH | Flat | Score: -5.0
2026-02-25T12:28:05.723016 | ETHUSDT | WATCH | Flat | Score: -5.0
2026-02-25T12:28:05.724640 | BNBUSDT | WATCH | Flat | Score: 6.8
2026-02-25T12:38:05.705636 | BTCUSDT | WATCH | Flat | Score: -0.7
2026-02-25T12:38:05.707556 | ETHUSDT | WATCH | Flat | Score: -0.7
2026-02-25T12:38:05.709284 | BNBUSDT | WATCH | Flat | Score: 9.6
2026-02-25T12:48:05.611137 | BTCUSDT | WATCH | Flat | Score: -0.7
2026-02-25T12:48:05.612764 | ETHUSDT | WATCH | Flat | Score: -0.7
2026-02-25T12:48:05.614364 | BNBUSDT | WATCH | Flat | Score: 9.6
2026-02-25T12:58:05.898886 | BTCUSDT | WATCH | Flat | Score: -0.7
2026-02-25T12:58:05.900555 | ETHUSDT | WATCH | Flat | Score: -0.7
2026-02-25T12:58:05.902200 | BNBUSDT | WATCH | Flat | Score: 9.6
2026-02-25T13:08:05.494945 | BTCUSDT | WATCH | Flat | Score: -0.7
2026-02-25T13:08:05.496615 | ETHUSDT | WATCH | Flat | Score: -0.7
2026-02-25T13:08:05.498244 | BNBUSDT | WATCH | Flat | Score: 9.6
2026-02-25T13:18:07.535734 | BTCUSDT | WATCH | Flat | Score: -0.7
2026-02-25T13:18:07.537404 | ETHUSDT | WATCH | Flat | Score: -0.7
2026-02-25T13:18:07.539066 | BNBUSDT | WATCH | Flat | Score: 9.6
2026-02-25T13:28:05.800744 | BTCUSDT | WATCH | Flat | Score: -0.7
2026-02-25T13:28:05.802555 | ETHUSDT | WATCH | Flat | Score: -0.7
2026-02-25T13:28:05.804180 | BNBUSDT | WATCH | Flat | Score: 9.6
2026-02-25T13:48:06.449941 | BTCUSDT | WATCH | Flat | Score: -9.8
2026-02-25T13:48:06.451613 | ETHUSDT | WATCH | Flat | Score: -11.4
2026-02-25T13:48:06.453264 | BNBUSDT | WATCH | Flat | Score: -9.9
2026-02-25T13:58:05.740908 | BTCUSDT | WATCH | Flat | Score: -10.1
2026-02-25T13:58:05.742644 | ETHUSDT | WATCH | Flat | Score: -7.3
2026-02-25T13:58:05.744364 | BNBUSDT | WATCH | Flat | Score: -4.6
2026-02-25T14:08:05.933712 | BTCUSDT | WATCH | Flat | Score: -10.1
2026-02-25T14:08:05.935481 | ETHUSDT | WATCH | Flat | Score: -7.3
2026-02-25T14:08:05.937215 | BNBUSDT | WATCH | Flat | Score: -4.6
2026-02-25T14:18:05.878922 | BTCUSDT | WATCH | Flat | Score: -11.6
2026-02-25T14:18:05.880662 | ETHUSDT | WATCH | Flat | Score: -3.8
2026-02-25T14:18:05.882416 | BNBUSDT | WATCH | Flat | Score: 6.7
2026-02-25T14:28:05.778855 | BTCUSDT | WATCH | Flat | Score: -11.6
2026-02-25T14:28:05.780587 | ETHUSDT | WATCH | Flat | Score: -3.8
2026-02-25T14:28:05.782300 | BNBUSDT | WATCH | Flat | Score: 6.7
2026-02-25T14:38:05.882215 | BTCUSDT | WATCH | Flat | Score: -11.6
2026-02-25T14:38:05.883962 | ETHUSDT | WATCH | Flat | Score: -3.8
2026-02-25T14:38:05.885721 | BNBUSDT | WATCH | Flat | Score: 6.7
2026-02-25T14:48:05.970774 | BTCUSDT | WATCH | Flat | Score: -11.6
2026-02-25T14:48:05.972711 | ETHUSDT | WATCH | Flat | Score: -3.8
2026-02-25T14:48:05.974484 | BNBUSDT | WATCH | Flat | Score: 6.7
2026-02-25T14:58:05.716545 | BTCUSDT | WATCH | Flat | Score: -11.6
2026-02-25T14:58:05.718295 | ETHUSDT | WATCH | Flat | Score: -3.8
2026-02-25T14:58:05.720065 | BNBUSDT | WATCH | Flat | Score: 6.7
2026-02-25T15:08:05.904824 | BTCUSDT | WATCH | Flat | Score: -11.6
2026-02-25T15:08:05.906654 | ETHUSDT | WATCH | Flat | Score: -3.8
2026-02-25T15:08:05.908450 | BNBUSDT | WATCH | Flat | Score: 6.7
2026-02-25T15:18:05.860598 | BTCUSDT | WATCH | Flat | Score: -0.6
2026-02-25T15:18:05.862393 | ETHUSDT | WATCH | Flat | Score: -3.4
2026-02-25T15:18:05.864136 | BNBUSDT | WATCH | Flat | Score: 8.9
2026-02-25T15:38:05.234077 | BTCUSDT | WATCH | Flat | Score: -0.6
2026-02-25T15:38:05.235859 | ETHUSDT | WATCH | Flat | Score: -3.4
2026-02-25T15:38:05.237593 | BNBUSDT | WATCH | Flat | Score: 8.9
2026-02-25T15:48:05.220353 | BTCUSDT | WATCH | Flat | Score: -0.6
2026-02-25T15:48:05.222127 | ETHUSDT | WATCH | Flat | Score: -3.4
2026-02-25T15:48:05.223948 | BNBUSDT | WATCH | Flat | Score: 8.9
2026-02-25T15:58:06.033929 | BTCUSDT | WATCH | Flat | Score: -0.6
2026-02-25T15:58:06.036029 | ETHUSDT | WATCH | Flat | Score: -3.4
2026-02-25T15:58:06.038061 | BNBUSDT | WATCH | Flat | Score: 8.9
2026-02-25T16:08:05.751200 | BTCUSDT | WATCH | Flat | Score: -0.6
2026-02-25T16:08:05.753099 | ETHUSDT | WATCH | Flat | Score: -3.4
2026-02-25T16:08:05.754952 | BNBUSDT | WATCH | Flat | Score: 8.9
2026-02-25T16:28:05.663042 | BTCUSDT | WATCH | Flat | Score: 1.5
2026-02-25T16:28:05.664928 | ETHUSDT | WATCH | Flat | Score: 2.7
2026-02-25T16:28:05.666811 | BNBUSDT | WATCH | Flat | Score: 12.8
2026-02-25T16:48:06.130098 | BTCUSDT | WATCH | Flat | Score: 1.5
2026-02-25T16:48:06.131964 | ETHUSDT | WATCH | Flat | Score: 2.7
2026-02-25T16:48:06.133833 | BNBUSDT | WATCH | Flat | Score: 12.8
2026-02-25T16:58:10.443446 | BTCUSDT | WATCH | Flat | Score: 1.5
2026-02-25T16:58:10.445300 | ETHUSDT | WATCH | Flat | Score: 2.7
2026-02-25T16:58:10.447183 | BNBUSDT | WATCH | Flat | Score: 12.8
2026-02-25T17:08:30.988608 | BTCUSDT | WATCH | Flat | Score: 1.5
2026-02-25T17:08:30.990541 | ETHUSDT | WATCH | Flat | Score: 2.7
2026-02-25T17:08:30.992469 | BNBUSDT | WATCH | Flat | Score: 12.8
2026-02-25T17:18:05.791556 | BTCUSDT | WATCH | Flat | Score: 1.5
2026-02-25T17:18:05.793501 | ETHUSDT | WATCH | Flat | Score: 2.7
2026-02-25T17:18:05.795359 | BNBUSDT | WATCH | Flat | Score: 12.8
2026-02-25T17:28:08.488579 | BTCUSDT | WATCH | Flat | Score: 2.7
2026-02-25T17:28:08.490606 | ETHUSDT | WATCH | Flat | Score: 0.6
2026-02-25T17:28:08.492555 | BNBUSDT | WATCH | Flat | Score: 14.1
2026-02-25T17:38:08.778718 | BTCUSDT | WATCH | Flat | Score: 2.7
2026-02-25T17:38:08.780678 | ETHUSDT | WATCH | Flat | Score: 0.6
2026-02-25T17:38:08.782571 | BNBUSDT | WATCH | Flat | Score: 14.1
2026-02-25T17:48:06.177539 | BTCUSDT | WATCH | Flat | Score: 2.7
2026-02-25T17:48:06.179499 | ETHUSDT | WATCH | Flat | Score: 0.6
2026-02-25T17:48:06.181524 | BNBUSDT | WATCH | Flat | Score: 14.1
2026-02-25T17:58:05.637086 | BTCUSDT | WATCH | Flat | Score: 2.7
2026-02-25T17:58:05.639034 | ETHUSDT | WATCH | Flat | Score: 0.6
2026-02-25T17:58:05.641000 | BNBUSDT | WATCH | Flat | Score: 14.1
2026-02-25T18:08:05.604263 | BTCUSDT | WATCH | Flat | Score: 2.7
2026-02-25T18:08:05.606618 | ETHUSDT | WATCH | Flat | Score: 0.6
2026-02-25T18:08:05.608754 | BNBUSDT | WATCH | Flat | Score: 14.1
2026-02-25T18:18:07.012690 | BTCUSDT | WATCH | Flat | Score: 2.7
2026-02-25T18:18:07.014687 | ETHUSDT | WATCH | Flat | Score: 0.6
2026-02-25T18:18:07.017830 | BNBUSDT | WATCH | Flat | Score: 14.1
2026-02-25T18:28:05.863678 | BTCUSDT | WATCH | Flat | Score: -0.7
2026-02-25T18:28:05.865758 | ETHUSDT | WATCH | Flat | Score: 4.1
2026-02-25T18:28:05.867733 | BNBUSDT | WATCH | Flat | Score: 15.5
2026-02-25T18:38:44.209334 | BTCUSDT | WATCH | Flat | Score: -0.7
2026-02-25T18:38:44.211305 | ETHUSDT | WATCH | Flat | Score: 4.1
2026-02-25T18:38:44.213250 | BNBUSDT | WATCH | Flat | Score: 15.5
2026-02-25T18:39:04.217270 | BTCUSDT | WATCH | Flat | Score: -0.7
2026-02-25T18:39:04.219223 | ETHUSDT | WATCH | Flat | Score: 4.1
2026-02-25T18:39:04.221062 | BNBUSDT | WATCH | Flat | Score: 15.5
2026-02-25T18:39:19.139103 | BTCUSDT | WATCH | Flat | Score: -0.7
2026-02-25T18:39:19.141052 | ETHUSDT | WATCH | Flat | Score: 4.1
2026-02-25T18:39:19.142940 | BNBUSDT | WATCH | Flat | Score: 15.5
2026-02-25T18:39:33.822045 | BTCUSDT | WATCH | Flat | Score: -0.7
2026-02-25T18:39:33.824152 | ETHUSDT | WATCH | Flat | Score: 4.1
2026-02-25T18:39:33.826766 | BNBUSDT | WATCH | Flat | Score: 15.5
2026-02-25T18:48:05.645800 | BTCUSDT | WATCH | Flat | Score: -0.7
2026-02-25T18:48:05.647839 | ETHUSDT | WATCH | Flat | Score: 4.1
2026-02-25T18:48:05.649790 | BNBUSDT | WATCH | Flat | Score: 15.5
2026-02-25T18:58:05.658197 | BTCUSDT | WATCH | Flat | Score: -0.7
2026-02-25T18:58:05.660243 | ETHUSDT | WATCH | Flat | Score: 4.1
2026-02-25T18:58:05.662277 | BNBUSDT | WATCH | Flat | Score: 15.5
2026-02-25T19:38:06.533290 | BTCUSDT | WATCH | Flat | Score: -1.4
2026-02-25T19:38:06.535354 | ETHUSDT | WATCH | Flat | Score: 0.6
2026-02-25T19:38:06.537293 | BNBUSDT | WATCH | Flat | Score: 11.1
2026-02-25T19:48:09.647956 | BTCUSDT | WATCH | Flat | Score: -1.4
2026-02-25T19:48:09.650040 | ETHUSDT | WATCH | Flat | Score: 0.6
2026-02-25T19:48:09.652140 | BNBUSDT | WATCH | Flat | Score: 11.1
2026-02-25T19:58:05.974658 | BTCUSDT | WATCH | Flat | Score: -1.4
2026-02-25T19:58:05.976691 | ETHUSDT | WATCH | Flat | Score: 0.6
2026-02-25T19:58:05.978737 | BNBUSDT | WATCH | Flat | Score: 11.1
2026-02-25T20:08:06.062380 | BTCUSDT | WATCH | Flat | Score: -1.4
2026-02-25T20:08:06.064417 | ETHUSDT | WATCH | Flat | Score: 0.6
2026-02-25T20:08:06.066441 | BNBUSDT | WATCH | Flat | Score: 11.1
2026-02-25T20:18:08.501835 | BTCUSDT | WATCH | Flat | Score: -1.4
2026-02-25T20:18:08.503970 | ETHUSDT | WATCH | Flat | Score: 0.6
2026-02-25T20:18:08.506022 | BNBUSDT | WATCH | Flat | Score: 11.1
2026-02-25T20:28:07.732618 | BTCUSDT | WATCH | Flat | Score: 2.0
2026-02-25T20:28:07.734788 | ETHUSDT | WATCH | Flat | Score: 2.0
2026-02-25T20:28:07.736934 | BNBUSDT | WATCH | Flat | Score: 14.0
2026-02-25T20:38:22.757814 | BTCUSDT | WATCH | Flat | Score: 2.0
2026-02-25T20:38:22.759925 | ETHUSDT | WATCH | Flat | Score: 2.0
2026-02-25T20:38:22.761997 | BNBUSDT | WATCH | Flat | Score: 14.0
2026-02-25T20:58:06.017129 | BTCUSDT | WATCH | Flat | Score: 2.0
2026-02-25T20:58:06.019294 | ETHUSDT | WATCH | Flat | Score: 2.0
2026-02-25T20:58:06.021408 | BNBUSDT | WATCH | Flat | Score: 14.0
2026-02-25T21:18:06.125133 | BTCUSDT | WATCH | Flat | Score: 2.0
2026-02-25T21:18:06.127605 | ETHUSDT | WATCH | Flat | Score: 2.0
2026-02-25T21:18:06.129932 | BNBUSDT | WATCH | Flat | Score: 14.0
2026-02-25T21:29:00.468861 | BTCUSDT | WATCH | Flat | Score: 2.0
2026-02-25T21:29:00.471018 | ETHUSDT | WATCH | Flat | Score: 2.0
2026-02-25T21:29:00.473116 | BNBUSDT | WATCH | Flat | Score: 14.0
2026-02-25T21:38:14.127382 | BTCUSDT | WATCH | Flat | Score: 3.9
2026-02-25T21:38:14.129586 | ETHUSDT | WATCH | Flat | Score: 3.5
2026-02-25T21:38:14.131748 | BNBUSDT | WATCH | Flat | Score: 15.5
2026-02-25T21:58:09.817892 | BTCUSDT | WATCH | Flat | Score: 3.9
2026-02-25T21:58:09.820091 | ETHUSDT | WATCH | Flat | Score: 3.5
2026-02-25T21:58:09.823645 | BNBUSDT | WATCH | Flat | Score: 15.5
2026-02-25T22:18:06.619391 | BTCUSDT | WATCH | Flat | Score: 3.9
2026-02-25T22:18:06.621696 | ETHUSDT | WATCH | Flat | Score: 3.5
2026-02-25T22:18:06.623881 | BNBUSDT | WATCH | Flat | Score: 15.5
2026-02-25T22:28:07.169406 | BTCUSDT | WATCH | Flat | Score: 3.9
2026-02-25T22:28:07.171601 | ETHUSDT | WATCH | Flat | Score: 3.5
2026-02-25T22:28:07.173745 | BNBUSDT | WATCH | Flat | Score: 15.5
2026-02-25T22:38:06.017096 | BTCUSDT | WATCH | Flat | Score: 4.2
2026-02-25T22:38:06.019646 | ETHUSDT | WATCH | Flat | Score: 5.5
2026-02-25T22:38:06.021820 | BNBUSDT | WATCH | Flat | Score: 16.5
2026-02-25T22:48:06.091868 | BTCUSDT | WATCH | Flat | Score: 4.2
2026-02-25T22:48:06.094154 | ETHUSDT | WATCH | Flat | Score: 5.5
2026-02-25T22:48:06.096596 | BNBUSDT | WATCH | Flat | Score: 16.5
2026-02-25T22:58:05.956402 | BTCUSDT | WATCH | Flat | Score: 4.2
2026-02-25T22:58:05.958744 | ETHUSDT | WATCH | Flat | Score: 5.5
2026-02-25T22:58:05.960915 | BNBUSDT | WATCH | Flat | Score: 16.5
2026-02-25T23:08:07.233561 | BTCUSDT | WATCH | Flat | Score: 4.2
2026-02-25T23:08:07.235814 | ETHUSDT | WATCH | Flat | Score: 5.5
2026-02-25T23:08:07.237962 | BNBUSDT | WATCH | Flat | Score: 16.5
2026-02-25T23:18:06.107277 | BTCUSDT | WATCH | Flat | Score: 4.2
2026-02-25T23:18:06.109230 | ETHUSDT | WATCH | Flat | Score: 5.5
2026-02-25T23:18:06.110655 | BNBUSDT | WATCH | Flat | Score: 16.5
2026-02-25T23:28:05.900353 | BTCUSDT | WATCH | Flat | Score: 4.2
2026-02-25T23:28:05.901808 | ETHUSDT | WATCH | Flat | Score: 5.5
2026-02-25T23:28:05.903208 | BNBUSDT | WATCH | Flat | Score: 16.5
2026-02-25T23:38:05.965097 | BTCUSDT | WATCH | Flat | Score: 5.0
2026-02-25T23:38:05.967661 | ETHUSDT | WATCH | Flat | Score: 4.9
2026-02-25T23:38:05.970579 | BNBUSDT | WATCH | Flat | Score: 15.5
2026-02-25T23:48:06.136790 | BTCUSDT | WATCH | Flat | Score: 5.0
2026-02-25T23:48:06.139090 | ETHUSDT | WATCH | Flat | Score: 4.9
2026-02-25T23:48:06.141753 | BNBUSDT | WATCH | Flat | Score: 15.5
2026-02-25T23:58:05.825546 | BTCUSDT | WATCH | Flat | Score: 5.0
2026-02-25T23:58:05.827793 | ETHUSDT | WATCH | Flat | Score: 4.9
2026-02-25T23:58:05.829993 | BNBUSDT | WATCH | Flat | Score: 15.5
2026-02-26T00:08:05.690404 | BTCUSDT | WATCH | Flat | Score: 5.0
2026-02-26T00:08:05.692681 | ETHUSDT | WATCH | Flat | Score: 4.9
2026-02-26T00:08:05.694996 | BNBUSDT | WATCH | Flat | Score: 15.5
2026-02-26T00:18:05.759902 | BTCUSDT | WATCH | Flat | Score: 5.0
2026-02-26T00:18:05.762250 | ETHUSDT | WATCH | Flat | Score: 4.9
2026-02-26T00:18:05.764520 | BNBUSDT | WATCH | Flat | Score: 15.5
2026-02-26T00:28:06.854227 | BTCUSDT | WATCH | Flat | Score: 5.0
2026-02-26T00:28:06.856519 | ETHUSDT | WATCH | Flat | Score: 4.9
2026-02-26T00:28:06.858673 | BNBUSDT | WATCH | Flat | Score: 15.5
2026-02-26T00:38:05.943871 | BTCUSDT | WATCH | Flat | Score: 7.0
2026-02-26T00:38:05.946188 | ETHUSDT | WATCH | Flat | Score: 16.5
2026-02-26T00:38:05.948539 | BNBUSDT | WATCH | Flat | Score: 18.1
2026-02-26T00:48:05.862794 | BTCUSDT | WATCH | Flat | Score: 7.0
2026-02-26T00:48:05.865398 | ETHUSDT | WATCH | Flat | Score: 16.5
2026-02-26T00:48:05.867891 | BNBUSDT | WATCH | Flat | Score: 18.1
2026-02-26T00:58:05.930457 | BTCUSDT | WATCH | Flat | Score: 7.0
2026-02-26T00:58:05.932786 | ETHUSDT | WATCH | Flat | Score: 16.5
2026-02-26T00:58:05.936001 | BNBUSDT | WATCH | Flat | Score: 18.1
2026-02-26T01:08:05.814076 | BTCUSDT | WATCH | Flat | Score: 7.0
2026-02-26T01:08:05.816598 | ETHUSDT | WATCH | Flat | Score: 16.5
2026-02-26T01:08:05.820220 | BNBUSDT | WATCH | Flat | Score: 18.1
2026-02-26T01:18:05.796713 | BTCUSDT | WATCH | Flat | Score: 7.0
2026-02-26T01:18:05.799541 | ETHUSDT | WATCH | Flat | Score: 16.5
2026-02-26T01:18:05.803209 | BNBUSDT | WATCH | Flat | Score: 18.1
2026-02-26T01:28:05.804130 | BTCUSDT | WATCH | Flat | Score: 7.0
2026-02-26T01:28:05.806555 | ETHUSDT | WATCH | Flat | Score: 16.5
2026-02-26T01:28:05.809871 | BNBUSDT | WATCH | Flat | Score: 18.1
2026-02-26T01:38:06.314769 | BTCUSDT | WATCH | Flat | Score: 9.1
2026-02-26T01:38:06.318050 | ETHUSDT | WATCH | Flat | Score: 17.1
2026-02-26T01:38:06.320477 | BNBUSDT | WATCH | Flat | Score: 17.8
2026-02-26T01:48:05.652060 | BTCUSDT | WATCH | Flat | Score: 9.1
2026-02-26T01:48:05.655366 | ETHUSDT | WATCH | Flat | Score: 17.1
2026-02-26T01:48:05.657823 | BNBUSDT | WATCH | Flat | Score: 17.8
2026-02-26T01:58:06.037729 | BTCUSDT | WATCH | Flat | Score: 9.1
2026-02-26T01:58:06.041066 | ETHUSDT | WATCH | Flat | Score: 17.1
2026-02-26T01:58:06.043483 | BNBUSDT | WATCH | Flat | Score: 17.8
2026-02-26T02:08:05.757978 | BTCUSDT | WATCH | Flat | Score: 9.1
2026-02-26T02:08:05.761588 | ETHUSDT | WATCH | Flat | Score: 17.1
2026-02-26T02:08:05.763877 | BNBUSDT | WATCH | Flat | Score: 17.8
2026-02-26T02:18:06.138872 | BTCUSDT | WATCH | Flat | Score: 9.1
2026-02-26T02:18:06.142229 | ETHUSDT | WATCH | Flat | Score: 17.1
2026-02-26T02:18:06.144655 | BNBUSDT | WATCH | Flat | Score: 17.8
2026-02-26T02:28:05.660311 | BTCUSDT | WATCH | Flat | Score: 9.1
2026-02-26T02:28:05.663743 | ETHUSDT | WATCH | Flat | Score: 17.1
2026-02-26T02:28:05.666265 | BNBUSDT | WATCH | Flat | Score: 17.8
2026-02-26T02:38:05.679646 | BTCUSDT | WATCH | Flat | Score: 8.5
2026-02-26T02:38:05.682129 | ETHUSDT | WATCH | Flat | Score: 18.6
2026-02-26T02:38:05.684556 | BNBUSDT | WATCH | Flat | Score: 17.5
2026-02-26T02:48:05.756162 | BTCUSDT | WATCH | Flat | Score: 8.5
2026-02-26T02:48:05.758622 | ETHUSDT | WATCH | Flat | Score: 18.6
2026-02-26T02:48:05.761159 | BNBUSDT | WATCH | Flat | Score: 17.5
2026-02-26T02:58:05.935167 | BTCUSDT | WATCH | Flat | Score: 8.5
2026-02-26T02:58:05.938164 | ETHUSDT | WATCH | Flat | Score: 18.6
2026-02-26T02:58:05.940824 | BNBUSDT | WATCH | Flat | Score: 17.5
2026-02-26T03:08:05.944916 | BTCUSDT | WATCH | Flat | Score: 8.5
2026-02-26T03:08:05.947440 | ETHUSDT | WATCH | Flat | Score: 18.6
2026-02-26T03:08:05.949922 | BNBUSDT | WATCH | Flat | Score: 17.5
2026-02-26T03:18:05.825777 | BTCUSDT | WATCH | Flat | Score: 8.5
2026-02-26T03:18:05.828280 | ETHUSDT | WATCH | Flat | Score: 18.6
2026-02-26T03:18:05.830780 | BNBUSDT | WATCH | Flat | Score: 17.5
2026-02-26T03:28:06.195447 | BTCUSDT | WATCH | Flat | Score: 8.5
2026-02-26T03:28:06.197974 | ETHUSDT | WATCH | Flat | Score: 18.6
2026-02-26T03:28:06.202484 | BNBUSDT | WATCH | Flat | Score: 17.5
2026-02-26T03:38:05.932307 | BTCUSDT | WATCH | Flat | Score: 10.5
2026-02-26T03:38:05.934895 | ETHUSDT | WATCH | Flat | Score: 14.8
2026-02-26T03:38:05.937448 | BNBUSDT | WATCH | Flat | Score: 16.5
2026-02-26T03:48:05.774579 | BTCUSDT | WATCH | Flat | Score: 10.5
2026-02-26T03:48:05.777146 | ETHUSDT | WATCH | Flat | Score: 14.8
2026-02-26T03:48:05.779739 | BNBUSDT | WATCH | Flat | Score: 16.5
2026-02-26T03:58:05.695159 | BTCUSDT | WATCH | Flat | Score: 10.5
2026-02-26T03:58:05.697763 | ETHUSDT | WATCH | Flat | Score: 14.8
2026-02-26T03:58:05.700280 | BNBUSDT | WATCH | Flat | Score: 16.5
2026-02-26T04:08:05.841226 | BTCUSDT | WATCH | Flat | Score: 10.5
2026-02-26T04:08:05.843816 | ETHUSDT | WATCH | Flat | Score: 14.8
2026-02-26T04:08:05.846436 | BNBUSDT | WATCH | Flat | Score: 16.5
2026-02-26T04:18:05.918353 | BTCUSDT | WATCH | Flat | Score: 10.5
2026-02-26T04:18:05.921158 | ETHUSDT | WATCH | Flat | Score: 14.8
2026-02-26T04:18:05.924408 | BNBUSDT | WATCH | Flat | Score: 16.5
2026-02-26T04:28:05.750389 | BTCUSDT | WATCH | Flat | Score: 10.5
2026-02-26T04:28:05.752933 | ETHUSDT | WATCH | Flat | Score: 14.8
2026-02-26T04:28:05.755566 | BNBUSDT | WATCH | Flat | Score: 16.5
2026-02-26T04:38:05.965512 | BTCUSDT | WATCH | Flat | Score: 10.5
2026-02-26T04:38:05.968100 | ETHUSDT | WATCH | Flat | Score: 14.8
2026-02-26T04:38:05.970728 | BNBUSDT | WATCH | Flat | Score: 16.5
2026-02-26T04:48:06.033074 | BTCUSDT | WATCH | Flat | Score: 12.2
2026-02-26T04:48:06.035988 | ETHUSDT | WATCH | Flat | Score: 13.8
2026-02-26T04:48:06.038910 | BNBUSDT | WATCH | Flat | Score: 21.5
2026-02-26T04:58:05.649870 | BTCUSDT | WATCH | Flat | Score: 12.2
2026-02-26T04:58:05.652493 | ETHUSDT | WATCH | Flat | Score: 13.8
2026-02-26T04:58:05.655336 | BNBUSDT | WATCH | Flat | Score: 21.5
2026-02-26T05:08:05.756571 | BTCUSDT | WATCH | Flat | Score: 12.2
2026-02-26T05:08:05.759168 | ETHUSDT | WATCH | Flat | Score: 13.8
2026-02-26T05:08:05.761884 | BNBUSDT | WATCH | Flat | Score: 21.5
2026-02-26T05:18:05.890218 | BTCUSDT | WATCH | Flat | Score: 12.2
2026-02-26T05:18:05.892919 | ETHUSDT | WATCH | Flat | Score: 13.8
2026-02-26T05:18:05.895540 | BNBUSDT | WATCH | Flat | Score: 21.5
2026-02-26T05:28:06.589730 | BTCUSDT | WATCH | Flat | Score: 12.2
2026-02-26T05:28:06.592639 | ETHUSDT | WATCH | Flat | Score: 13.8
2026-02-26T05:28:06.595503 | BNBUSDT | WATCH | Flat | Score: 21.5
2026-02-26T05:38:05.913937 | BTCUSDT | WATCH | Flat | Score: 12.2
2026-02-26T05:38:05.916651 | ETHUSDT | WATCH | Flat | Score: 13.8
2026-02-26T05:38:05.919343 | BNBUSDT | WATCH | Flat | Score: 21.5
2026-02-26T05:48:05.898305 | BTCUSDT | WATCH | Flat | Score: 17.3
2026-02-26T05:48:05.901229 | ETHUSDT | WATCH | Flat | Score: 16.9
2026-02-26T05:48:05.904211 | BNBUSDT | WATCH | Flat | Score: 25.6
2026-02-26T05:58:06.188415 | BTCUSDT | WATCH | Flat | Score: 17.3
2026-02-26T05:58:06.191076 | ETHUSDT | WATCH | Flat | Score: 16.9
2026-02-26T05:58:06.193803 | BNBUSDT | WATCH | Flat | Score: 25.6
2026-02-26T06:08:06.080813 | BTCUSDT | WATCH | Flat | Score: 17.3
2026-02-26T06:08:06.083551 | ETHUSDT | WATCH | Flat | Score: 16.9
2026-02-26T06:08:06.086309 | BNBUSDT | WATCH | Flat | Score: 25.6
2026-02-26T06:18:05.951642 | BTCUSDT | WATCH | Flat | Score: 17.3
2026-02-26T06:18:05.954445 | ETHUSDT | WATCH | Flat | Score: 16.9
2026-02-26T06:18:05.957224 | BNBUSDT | WATCH | Flat | Score: 25.6
2026-02-26T06:28:07.088094 | BTCUSDT | WATCH | Flat | Score: 17.3
2026-02-26T06:28:07.090919 | ETHUSDT | WATCH | Flat | Score: 16.9
2026-02-26T06:28:07.093788 | BNBUSDT | WATCH | Flat | Score: 25.6
2026-02-26T06:38:05.845516 | BTCUSDT | WATCH | Flat | Score: 17.3
2026-02-26T06:38:05.848230 | ETHUSDT | WATCH | Flat | Score: 16.9
2026-02-26T06:38:05.850902 | BNBUSDT | WATCH | Flat | Score: 25.6
2026-02-26T06:48:06.774294 | BTCUSDT | WATCH | Flat | Score: 9.4
2026-02-26T06:48:06.776930 | ETHUSDT | WATCH | Flat | Score: 16.9
2026-02-26T06:48:06.779709 | BNBUSDT | WATCH | Flat | Score: 20.6
2026-02-26T06:58:05.756988 | BTCUSDT | WATCH | Flat | Score: 9.4
2026-02-26T06:58:05.759824 | ETHUSDT | WATCH | Flat | Score: 16.9
2026-02-26T06:58:05.762647 | BNBUSDT | WATCH | Flat | Score: 20.6
2026-02-26T07:08:05.756363 | BTCUSDT | WATCH | Flat | Score: 9.4
2026-02-26T07:08:05.759151 | ETHUSDT | WATCH | Flat | Score: 16.9
2026-02-26T07:08:05.761892 | BNBUSDT | WATCH | Flat | Score: 20.6
2026-02-26T07:18:06.003825 | BTCUSDT | WATCH | Flat | Score: 9.4
2026-02-26T07:18:06.006636 | ETHUSDT | WATCH | Flat | Score: 16.9
2026-02-26T07:18:06.009450 | BNBUSDT | WATCH | Flat | Score: 20.6
2026-02-26T07:28:06.071116 | BTCUSDT | WATCH | Flat | Score: 9.4
2026-02-26T07:28:06.074215 | ETHUSDT | WATCH | Flat | Score: 16.9
2026-02-26T07:28:06.077184 | BNBUSDT | WATCH | Flat | Score: 20.6
2026-02-26T07:38:05.990817 | BTCUSDT | WATCH | Flat | Score: 9.4
2026-02-26T07:38:05.993787 | ETHUSDT | WATCH | Flat | Score: 16.9
2026-02-26T07:38:05.996685 | BNBUSDT | WATCH | Flat | Score: 20.6
2026-02-26T07:48:06.027599 | BTCUSDT | WATCH | Flat | Score: -1.6
2026-02-26T07:48:06.030538 | ETHUSDT | WATCH | Flat | Score: 2.2
2026-02-26T07:48:06.033456 | BNBUSDT | WATCH | Flat | Score: 13.2
2026-02-26T07:58:05.895367 | BTCUSDT | WATCH | Flat | Score: -1.6
2026-02-26T07:58:05.898442 | ETHUSDT | WATCH | Flat | Score: 2.2
2026-02-26T07:58:05.901548 | BNBUSDT | WATCH | Flat | Score: 13.2
2026-02-26T08:08:06.002784 | BTCUSDT | WATCH | Flat | Score: -1.6
2026-02-26T08:08:06.005677 | ETHUSDT | WATCH | Flat | Score: 2.2
2026-02-26T08:08:06.008604 | BNBUSDT | WATCH | Flat | Score: 13.2
2026-02-26T08:18:05.554813 | BTCUSDT | WATCH | Flat | Score: -1.6
2026-02-26T08:18:05.557711 | ETHUSDT | WATCH | Flat | Score: 2.2
2026-02-26T08:18:05.560679 | BNBUSDT | WATCH | Flat | Score: 13.2
2026-02-26T08:28:05.797473 | BTCUSDT | WATCH | Flat | Score: -1.6
2026-02-26T08:28:05.800350 | ETHUSDT | WATCH | Flat | Score: 2.2
2026-02-26T08:28:05.803148 | BNBUSDT | WATCH | Flat | Score: 13.2
2026-02-26T08:38:05.729526 | BTCUSDT | WATCH | Flat | Score: -1.6
2026-02-26T08:38:05.732431 | ETHUSDT | WATCH | Flat | Score: 2.2
2026-02-26T08:38:05.735371 | BNBUSDT | WATCH | Flat | Score: 13.2
2026-02-26T08:48:05.783984 | BTCUSDT | WATCH | Flat | Score: -1.6
2026-02-26T08:48:05.786872 | ETHUSDT | WATCH | Flat | Score: 2.2
2026-02-26T08:48:05.789773 | BNBUSDT | WATCH | Flat | Score: 13.2
2026-02-26T08:58:05.822462 | BTCUSDT | WATCH | Flat | Score: 12.2
2026-02-26T08:58:05.825351 | ETHUSDT | WATCH | Flat | Score: 10.2
2026-02-26T08:58:05.836187 | BNBUSDT | WATCH | Flat | Score: 22.7
2026-02-26T09:18:05.369755 | BTCUSDT | WATCH | Flat | Score: 12.2
2026-02-26T09:18:05.372962 | ETHUSDT | WATCH | Flat | Score: 10.2
2026-02-26T09:18:05.384105 | BNBUSDT | WATCH | Flat | Score: 22.7
2026-02-26T09:28:05.436483 | BTCUSDT | WATCH | Flat | Score: 12.2
2026-02-26T09:28:05.439465 | ETHUSDT | WATCH | Flat | Score: 10.2
2026-02-26T09:28:05.452742 | BNBUSDT | WATCH | Flat | Score: 22.7
2026-02-26T09:38:07.271583 | BTCUSDT | WATCH | Flat | Score: 12.2
2026-02-26T09:38:07.282856 | ETHUSDT | WATCH | Flat | Score: 10.2
2026-02-26T09:38:07.285872 | BNBUSDT | WATCH | Flat | Score: 22.7
2026-02-26T09:48:05.258570 | BTCUSDT | WATCH | Flat | Score: 12.2
2026-02-26T09:48:05.270409 | ETHUSDT | WATCH | Flat | Score: 10.2
2026-02-26T09:48:05.273467 | BNBUSDT | WATCH | Flat | Score: 22.7
2026-02-26T09:58:05.398216 | BTCUSDT | WATCH | Flat | Score: 12.9
2026-02-26T09:58:05.409434 | ETHUSDT | WATCH | Flat | Score: 10.5
2026-02-26T09:58:05.412435 | BNBUSDT | WATCH | Flat | Score: 20.9
2026-02-26T10:08:06.226951 | BTCUSDT | WATCH | Flat | Score: 12.9
2026-02-26T10:08:06.239825 | ETHUSDT | WATCH | Flat | Score: 10.5
2026-02-26T10:08:06.242871 | BNBUSDT | WATCH | Flat | Score: 20.9
2026-02-26T10:18:05.724783 | BTCUSDT | WATCH | Flat | Score: 12.9
2026-02-26T10:18:05.736019 | ETHUSDT | WATCH | Flat | Score: 10.5
2026-02-26T10:18:05.739052 | BNBUSDT | WATCH | Flat | Score: 20.9
2026-02-26T10:28:05.558858 | BTCUSDT | WATCH | Flat | Score: 12.9
2026-02-26T10:28:05.570499 | ETHUSDT | WATCH | Flat | Score: 10.5
2026-02-26T10:28:05.573597 | BNBUSDT | WATCH | Flat | Score: 20.9
2026-02-26T10:38:05.591452 | BTCUSDT | WATCH | Flat | Score: 12.9
2026-02-26T10:38:05.604649 | ETHUSDT | WATCH | Flat | Score: 10.5
2026-02-26T10:38:05.609021 | BNBUSDT | WATCH | Flat | Score: 20.9
2026-02-26T10:48:05.365802 | BTCUSDT | WATCH | Flat | Score: 12.9
2026-02-26T10:48:05.377070 | ETHUSDT | WATCH | Flat | Score: 10.5
2026-02-26T10:48:05.380260 | BNBUSDT | WATCH | Flat | Score: 20.9
2026-02-26T10:58:05.562812 | BTCUSDT | WATCH | Flat | Score: 13.2
2026-02-26T10:58:05.574403 | ETHUSDT | WATCH | Flat | Score: 4.5
2026-02-26T10:58:05.577608 | BNBUSDT | WATCH | Flat | Score: 20.5
2026-02-26T11:08:05.774689 | BTCUSDT | WATCH | Flat | Score: 13.2
2026-02-26T11:08:05.786325 | ETHUSDT | WATCH | Flat | Score: 4.5
2026-02-26T11:08:05.789530 | BNBUSDT | WATCH | Flat | Score: 20.5
2026-02-26T11:18:05.391733 | BTCUSDT | WATCH | Flat | Score: 13.2
2026-02-26T11:18:05.403211 | ETHUSDT | WATCH | Flat | Score: 4.5
2026-02-26T11:18:05.406305 | BNBUSDT | WATCH | Flat | Score: 20.5
2026-02-26T11:28:05.653834 | BTCUSDT | WATCH | Flat | Score: 13.2
2026-02-26T11:28:05.665289 | ETHUSDT | WATCH | Flat | Score: 4.5
2026-02-26T11:28:05.668479 | BNBUSDT | WATCH | Flat | Score: 20.5
2026-02-26T11:38:05.592769 | BTCUSDT | WATCH | Flat | Score: 13.2
2026-02-26T11:38:05.604323 | ETHUSDT | WATCH | Flat | Score: 4.5
2026-02-26T11:38:05.607727 | BNBUSDT | WATCH | Flat | Score: 20.5
2026-02-26T11:48:06.058846 | BTCUSDT | WATCH | Flat | Score: 13.2
2026-02-26T11:48:06.070277 | ETHUSDT | WATCH | Flat | Score: 4.5
2026-02-26T11:48:06.073383 | BNBUSDT | WATCH | Flat | Score: 20.5
2026-02-26T11:58:05.893010 | BTCUSDT | WATCH | Flat | Score: 6.8
2026-02-26T11:58:05.904479 | ETHUSDT | WATCH | Flat | Score: 13.8
2026-02-26T11:58:05.907745 | BNBUSDT | WATCH | Flat | Score: 24.8
2026-02-26T12:08:05.801288 | BTCUSDT | WATCH | Flat | Score: 6.8
2026-02-26T12:08:05.812738 | ETHUSDT | WATCH | Flat | Score: 13.8
2026-02-26T12:08:05.815940 | BNBUSDT | WATCH | Flat | Score: 24.8
2026-02-26T12:18:06.619541 | BTCUSDT | WATCH | Flat | Score: 6.8
2026-02-26T12:18:06.631213 | ETHUSDT | WATCH | Flat | Score: 13.8
2026-02-26T12:18:06.634552 | BNBUSDT | WATCH | Flat | Score: 24.8
2026-02-26T12:28:05.374063 | BTCUSDT | WATCH | Flat | Score: 6.8
2026-02-26T12:28:05.385585 | ETHUSDT | WATCH | Flat | Score: 13.8
2026-02-26T12:28:05.388860 | BNBUSDT | WATCH | Flat | Score: 24.8
2026-02-26T12:38:05.830274 | BTCUSDT | WATCH | Flat | Score: 6.8
2026-02-26T12:38:05.842579 | ETHUSDT | WATCH | Flat | Score: 13.8
2026-02-26T12:38:05.845823 | BNBUSDT | WATCH | Flat | Score: 24.8
2026-02-26T12:48:05.878956 | BTCUSDT | WATCH | Flat | Score: 6.8
2026-02-26T12:48:05.893323 | ETHUSDT | WATCH | Flat | Score: 13.8
2026-02-26T12:48:05.896702 | BNBUSDT | WATCH | Flat | Score: 24.8
2026-02-26T12:58:05.785016 | BTCUSDT | WATCH | Flat | Score: 13.5
2026-02-26T12:58:05.796150 | ETHUSDT | WATCH | Flat | Score: 16.5
2026-02-26T12:58:05.799459 | BNBUSDT | WATCH | Flat | Score: 20.8
2026-02-26T13:08:06.805983 | BTCUSDT | WATCH | Flat | Score: 13.5
2026-02-26T13:08:06.817448 | ETHUSDT | WATCH | Flat | Score: 16.5
2026-02-26T13:08:06.820610 | BNBUSDT | WATCH | Flat | Score: 20.8
2026-02-26T13:18:05.825656 | BTCUSDT | WATCH | Flat | Score: 13.5
2026-02-26T13:18:05.837369 | ETHUSDT | WATCH | Flat | Score: 16.5
2026-02-26T13:18:05.840667 | BNBUSDT | WATCH | Flat | Score: 20.8
2026-02-26T13:28:05.445336 | BTCUSDT | WATCH | Flat | Score: 13.5
2026-02-26T13:28:05.456906 | ETHUSDT | WATCH | Flat | Score: 16.5
2026-02-26T13:28:05.460245 | BNBUSDT | WATCH | Flat | Score: 20.8
2026-02-26T13:38:05.528724 | BTCUSDT | WATCH | Flat | Score: 13.5
2026-02-26T13:38:05.540082 | ETHUSDT | WATCH | Flat | Score: 16.5
2026-02-26T13:38:05.543376 | BNBUSDT | WATCH | Flat | Score: 20.8
2026-02-26T13:48:05.301474 | BTCUSDT | WATCH | Flat | Score: 13.5
2026-02-26T13:48:05.313439 | ETHUSDT | WATCH | Flat | Score: 16.5
2026-02-26T13:48:05.316787 | BNBUSDT | WATCH | Flat | Score: 20.8
2026-02-26T13:58:05.991642 | BTCUSDT | WATCH | Flat | Score: 13.5
2026-02-26T13:58:06.003122 | ETHUSDT | WATCH | Flat | Score: 16.5
2026-02-26T13:58:06.006412 | BNBUSDT | WATCH | Flat | Score: 20.8
2026-02-26T14:08:05.758021 | BTCUSDT | WATCH | Flat | Score: 16.0
2026-02-26T14:08:05.769648 | ETHUSDT | WATCH | Flat | Score: 16.4
2026-02-26T14:08:05.772995 | BNBUSDT | WATCH | Flat | Score: 14.2
2026-02-26T14:18:05.290576 | BTCUSDT | WATCH | Flat | Score: 16.0
2026-02-26T14:18:05.302164 | ETHUSDT | WATCH | Flat | Score: 16.4
2026-02-26T14:18:05.305581 | BNBUSDT | WATCH | Flat | Score: 14.2
2026-02-26T14:28:06.080757 | BTCUSDT | WATCH | Flat | Score: 16.0
2026-02-26T14:28:06.092080 | ETHUSDT | WATCH | Flat | Score: 16.4
2026-02-26T14:28:06.095448 | BNBUSDT | WATCH | Flat | Score: 14.2
2026-02-26T14:38:07.010097 | BTCUSDT | WATCH | Flat | Score: 16.0
2026-02-26T14:38:07.022743 | ETHUSDT | WATCH | Flat | Score: 16.4
2026-02-26T14:38:07.026119 | BNBUSDT | WATCH | Flat | Score: 14.2
2026-02-26T14:58:07.161632 | BTCUSDT | WATCH | Flat | Score: 16.0
2026-02-26T14:58:07.173478 | ETHUSDT | WATCH | Flat | Score: 16.4
2026-02-26T14:58:07.176906 | BNBUSDT | WATCH | Flat | Score: 14.2
2026-02-26T15:08:06.102075 | BTCUSDT | WATCH | Flat | Score: 4.5
2026-02-26T15:08:06.116915 | ETHUSDT | WATCH | Flat | Score: 16.7
2026-02-26T15:08:06.120412 | BNBUSDT | WATCH | Flat | Score: 15.2
2026-02-26T15:18:05.699780 | BTCUSDT | WATCH | Flat | Score: 4.5
2026-02-26T15:18:05.711052 | ETHUSDT | WATCH | Flat | Score: 16.7
2026-02-26T15:18:05.714359 | BNBUSDT | WATCH | Flat | Score: 15.2
2026-02-26T15:28:05.666980 | BTCUSDT | WATCH | Flat | Score: 4.5
2026-02-26T15:28:05.678732 | ETHUSDT | WATCH | Flat | Score: 16.7
2026-02-26T15:28:05.682218 | BNBUSDT | WATCH | Flat | Score: 15.2
2026-02-26T15:38:06.459418 | BTCUSDT | WATCH | Flat | Score: 4.5
2026-02-26T15:38:06.471448 | ETHUSDT | WATCH | Flat | Score: 16.7
2026-02-26T15:38:06.474902 | BNBUSDT | WATCH | Flat | Score: 15.2
2026-02-26T15:48:06.571971 | BTCUSDT | WATCH | Flat | Score: 4.5
2026-02-26T15:48:06.583595 | ETHUSDT | WATCH | Flat | Score: 16.7
2026-02-26T15:48:06.587028 | BNBUSDT | WATCH | Flat | Score: 15.2
2026-02-26T15:58:05.888190 | BTCUSDT | WATCH | Flat | Score: 4.5
2026-02-26T15:58:05.899972 | ETHUSDT | WATCH | Flat | Score: 16.7
2026-02-26T15:58:05.903464 | BNBUSDT | WATCH | Flat | Score: 15.2
2026-02-26T16:08:06.631691 | BTCUSDT | WATCH | Flat | Score: 3.7
2026-02-26T16:08:06.643825 | ETHUSDT | WATCH | Flat | Score: 4.5
2026-02-26T16:08:06.647269 | BNBUSDT | WATCH | Flat | Score: 11.9
2026-02-26T16:18:05.864906 | BTCUSDT | WATCH | Flat | Score: 3.7
2026-02-26T16:18:05.876606 | ETHUSDT | WATCH | Flat | Score: 4.5
2026-02-26T16:18:05.879963 | BNBUSDT | WATCH | Flat | Score: 11.9
2026-02-26T16:28:05.748710 | BTCUSDT | WATCH | Flat | Score: 3.7
2026-02-26T16:28:05.760133 | ETHUSDT | WATCH | Flat | Score: 4.5
2026-02-26T16:28:05.763497 | BNBUSDT | WATCH | Flat | Score: 11.9
2026-02-26T16:38:06.826815 | BTCUSDT | WATCH | Flat | Score: 3.7
2026-02-26T16:38:06.838189 | ETHUSDT | WATCH | Flat | Score: 4.5
2026-02-26T16:38:06.841679 | BNBUSDT | WATCH | Flat | Score: 11.9
2026-02-26T16:58:07.023287 | BTCUSDT | WATCH | Flat | Score: 3.7
2026-02-26T16:58:07.035150 | ETHUSDT | WATCH | Flat | Score: 4.5
2026-02-26T16:58:07.038592 | BNBUSDT | WATCH | Flat | Score: 11.9
2026-02-26T17:08:05.554572 | BTCUSDT | WATCH | Flat | Score: 4.7
2026-02-26T17:08:05.568143 | ETHUSDT | WATCH | Flat | Score: 4.8
2026-02-26T17:08:05.571405 | BNBUSDT | WATCH | Flat | Score: 14.4
2026-02-26T17:18:06.491930 | BTCUSDT | WATCH | Flat | Score: 4.7
2026-02-26T17:18:06.503989 | ETHUSDT | WATCH | Flat | Score: 4.8
2026-02-26T17:18:06.507467 | BNBUSDT | WATCH | Flat | Score: 14.4
2026-02-26T17:28:06.530263 | BTCUSDT | WATCH | Flat | Score: 4.7
2026-02-26T17:28:06.541481 | ETHUSDT | WATCH | Flat | Score: 4.8
2026-02-26T17:28:06.544993 | BNBUSDT | WATCH | Flat | Score: 14.4
2026-02-26T17:38:05.630282 | BTCUSDT | WATCH | Flat | Score: 4.7
2026-02-26T17:38:05.642152 | ETHUSDT | WATCH | Flat | Score: 4.8
2026-02-26T17:38:05.645697 | BNBUSDT | WATCH | Flat | Score: 14.4
2026-02-26T17:48:06.107289 | BTCUSDT | WATCH | Flat | Score: 4.7
2026-02-26T17:48:06.119454 | ETHUSDT | WATCH | Flat | Score: 4.8
2026-02-26T17:48:06.123107 | BNBUSDT | WATCH | Flat | Score: 14.4
2026-02-26T17:58:05.600998 | BTCUSDT | WATCH | Flat | Score: 4.7
2026-02-26T17:58:05.612477 | ETHUSDT | WATCH | Flat | Score: 4.8
2026-02-26T17:58:05.615890 | BNBUSDT | WATCH | Flat | Score: 14.4
2026-02-26T18:08:05.837650 | BTCUSDT | WATCH | Flat | Score: 15.5
2026-02-26T18:08:05.849281 | ETHUSDT | WATCH | Flat | Score: 16.3
2026-02-26T18:08:05.852727 | BNBUSDT | WATCH | Flat | Score: 25.3
2026-02-26T18:18:05.893103 | BTCUSDT | WATCH | Flat | Score: 15.5
2026-02-26T18:18:05.905964 | ETHUSDT | WATCH | Flat | Score: 16.3
2026-02-26T18:18:05.909575 | BNBUSDT | WATCH | Flat | Score: 25.3
2026-02-26T18:28:05.801119 | BTCUSDT | WATCH | Flat | Score: 15.5
2026-02-26T18:28:05.812854 | ETHUSDT | WATCH | Flat | Score: 16.3
2026-02-26T18:28:05.816285 | BNBUSDT | WATCH | Flat | Score: 25.3
2026-02-26T18:38:05.834637 | BTCUSDT | WATCH | Flat | Score: 15.5
2026-02-26T18:38:05.846067 | ETHUSDT | WATCH | Flat | Score: 16.3
2026-02-26T18:38:05.849555 | BNBUSDT | WATCH | Flat | Score: 25.3
2026-02-26T18:48:05.621167 | BTCUSDT | WATCH | Flat | Score: 15.5
2026-02-26T18:48:05.632740 | ETHUSDT | WATCH | Flat | Score: 16.3
2026-02-26T18:48:05.636246 | BNBUSDT | WATCH | Flat | Score: 25.3
2026-02-26T18:58:05.845425 | BTCUSDT | WATCH | Flat | Score: 15.5
2026-02-26T18:58:05.857217 | ETHUSDT | WATCH | Flat | Score: 16.3
2026-02-26T18:58:05.860697 | BNBUSDT | WATCH | Flat | Score: 25.3
2026-02-26T19:08:05.894766 | BTCUSDT | WATCH | Flat | Score: 17.2
2026-02-26T19:08:05.907127 | ETHUSDT | WATCH | Flat | Score: 10.1
2026-02-26T19:08:05.910639 | BNBUSDT | WATCH | Flat | Score: 11.2
2026-02-26T19:18:05.803360 | BTCUSDT | WATCH | Flat | Score: 17.2
2026-02-26T19:18:05.814900 | ETHUSDT | WATCH | Flat | Score: 10.1
2026-02-26T19:18:05.818494 | BNBUSDT | WATCH | Flat | Score: 11.2
2026-02-26T19:28:05.666782 | BTCUSDT | WATCH | Flat | Score: 17.2
2026-02-26T19:28:05.678916 | ETHUSDT | WATCH | Flat | Score: 10.1
2026-02-26T19:28:05.682625 | BNBUSDT | WATCH | Flat | Score: 11.2
2026-02-26T19:38:05.702190 | BTCUSDT | WATCH | Flat | Score: 17.2
2026-02-26T19:38:05.713913 | ETHUSDT | WATCH | Flat | Score: 10.1
2026-02-26T19:38:05.717491 | BNBUSDT | WATCH | Flat | Score: 11.2
2026-02-26T19:48:05.704075 | BTCUSDT | WATCH | Flat | Score: 17.2
2026-02-26T19:48:05.715917 | ETHUSDT | WATCH | Flat | Score: 10.1
2026-02-26T19:48:05.719962 | BNBUSDT | WATCH | Flat | Score: 11.2
2026-02-26T19:58:05.575046 | BTCUSDT | WATCH | Flat | Score: 17.2
2026-02-26T19:58:05.586768 | ETHUSDT | WATCH | Flat | Score: 10.1
2026-02-26T19:58:05.590250 | BNBUSDT | WATCH | Flat | Score: 11.2
2026-02-26T20:08:06.111142 | BTCUSDT | WATCH | Flat | Score: -0.6
2026-02-26T20:08:06.122970 | ETHUSDT | WATCH | Flat | Score: 3.7
2026-02-26T20:08:06.126611 | BNBUSDT | WATCH | Flat | Score: 11.7
2026-02-26T20:18:05.707209 | BTCUSDT | WATCH | Flat | Score: -0.6
2026-02-26T20:18:05.718774 | ETHUSDT | WATCH | Flat | Score: 3.7
2026-02-26T20:18:05.722268 | BNBUSDT | WATCH | Flat | Score: 11.7
2026-02-26T20:28:07.119623 | BTCUSDT | WATCH | Flat | Score: -0.6
2026-02-26T20:28:07.131189 | ETHUSDT | WATCH | Flat | Score: 3.7
2026-02-26T20:28:07.134792 | BNBUSDT | WATCH | Flat | Score: 11.7
2026-02-26T20:38:05.713526 | BTCUSDT | WATCH | Flat | Score: -0.6
2026-02-26T20:38:05.725373 | ETHUSDT | WATCH | Flat | Score: 3.7
2026-02-26T20:38:05.728882 | BNBUSDT | WATCH | Flat | Score: 11.7
2026-02-26T20:48:06.629078 | BTCUSDT | WATCH | Flat | Score: -0.6
2026-02-26T20:48:06.642822 | ETHUSDT | WATCH | Flat | Score: 3.7
2026-02-26T20:48:06.646622 | BNBUSDT | WATCH | Flat | Score: 11.7
2026-02-26T20:58:05.822187 | BTCUSDT | WATCH | Flat | Score: -0.6
2026-02-26T20:58:05.834269 | ETHUSDT | WATCH | Flat | Score: 3.7
2026-02-26T20:58:05.837899 | BNBUSDT | WATCH | Flat | Score: 11.7
2026-02-26T21:08:06.122215 | BTCUSDT | WATCH | Flat | Score: 2.9
2026-02-26T21:08:06.135427 | ETHUSDT | WATCH | Flat | Score: 13.3
2026-02-26T21:08:06.139037 | BNBUSDT | WATCH | Flat | Score: 13.5
2026-02-26T21:18:06.326890 | BTCUSDT | WATCH | Flat | Score: 2.9
2026-02-26T21:18:06.339021 | ETHUSDT | WATCH | Flat | Score: 13.3
2026-02-26T21:18:06.342746 | BNBUSDT | WATCH | Flat | Score: 13.5
2026-02-26T21:28:05.964962 | BTCUSDT | WATCH | Flat | Score: 2.9
2026-02-26T21:28:05.976728 | ETHUSDT | WATCH | Flat | Score: 13.3
2026-02-26T21:28:05.980381 | BNBUSDT | WATCH | Flat | Score: 13.5
2026-02-26T21:38:05.888801 | BTCUSDT | WATCH | Flat | Score: 2.9
2026-02-26T21:38:05.902976 | ETHUSDT | WATCH | Flat | Score: 13.3
2026-02-26T21:38:05.906814 | BNBUSDT | WATCH | Flat | Score: 13.5
2026-02-26T21:48:05.988286 | BTCUSDT | WATCH | Flat | Score: 2.9
2026-02-26T21:48:05.999996 | ETHUSDT | WATCH | Flat | Score: 13.3
2026-02-26T21:48:06.003796 | BNBUSDT | WATCH | Flat | Score: 13.5
2026-02-26T21:58:05.272399 | BTCUSDT | WATCH | Flat | Score: 2.9
2026-02-26T21:58:05.284166 | ETHUSDT | WATCH | Flat | Score: 13.3
2026-02-26T21:58:05.287714 | BNBUSDT | WATCH | Flat | Score: 13.5
2026-02-26T22:08:05.462111 | BTCUSDT | WATCH | Flat | Score: 0.3
2026-02-26T22:08:05.473654 | ETHUSDT | WATCH | Flat | Score: 12.2
2026-02-26T22:08:05.477303 | BNBUSDT | WATCH | Flat | Score: 12.7
2026-02-26T22:18:05.706617 | BTCUSDT | WATCH | Flat | Score: 0.3
2026-02-26T22:18:05.718441 | ETHUSDT | WATCH | Flat | Score: 12.2
2026-02-26T22:18:05.722105 | BNBUSDT | WATCH | Flat | Score: 12.7
2026-02-26T22:28:05.495305 | BTCUSDT | WATCH | Flat | Score: 0.3
2026-02-26T22:28:05.506969 | ETHUSDT | WATCH | Flat | Score: 12.2
2026-02-26T22:28:05.510513 | BNBUSDT | WATCH | Flat | Score: 12.7
2026-02-26T22:38:05.506260 | BTCUSDT | WATCH | Flat | Score: 0.3
2026-02-26T22:38:05.517831 | ETHUSDT | WATCH | Flat | Score: 12.2
2026-02-26T22:38:05.521497 | BNBUSDT | WATCH | Flat | Score: 12.7
2026-02-26T22:48:05.508668 | BTCUSDT | WATCH | Flat | Score: 0.3
2026-02-26T22:48:05.520405 | ETHUSDT | WATCH | Flat | Score: 12.2
2026-02-26T22:48:05.525252 | BNBUSDT | WATCH | Flat | Score: 12.7
2026-02-26T22:58:05.786412 | BTCUSDT | WATCH | Flat | Score: 0.3
2026-02-26T22:58:05.798500 | ETHUSDT | WATCH | Flat | Score: 12.2
2026-02-26T22:58:05.802376 | BNBUSDT | WATCH | Flat | Score: 12.7
2026-02-26T23:08:05.851217 | BTCUSDT | WATCH | Flat | Score: -6.0
2026-02-26T23:08:05.862837 | ETHUSDT | WATCH | Flat | Score: 1.7
2026-02-26T23:08:05.866591 | BNBUSDT | WATCH | Flat | Score: 13.0
2026-02-26T23:18:05.795790 | BTCUSDT | WATCH | Flat | Score: -6.0
2026-02-26T23:18:05.808911 | ETHUSDT | WATCH | Flat | Score: 1.7
2026-02-26T23:18:05.812920 | BNBUSDT | WATCH | Flat | Score: 13.0
2026-02-26T23:28:06.916415 | BTCUSDT | WATCH | Flat | Score: -6.0
2026-02-26T23:28:06.928178 | ETHUSDT | WATCH | Flat | Score: 1.7
2026-02-26T23:28:06.931949 | BNBUSDT | WATCH | Flat | Score: 13.0
2026-02-26T23:38:05.938082 | BTCUSDT | WATCH | Flat | Score: -6.0
2026-02-26T23:38:05.950195 | ETHUSDT | WATCH | Flat | Score: 1.7
2026-02-26T23:38:05.954030 | BNBUSDT | WATCH | Flat | Score: 13.0
2026-02-26T23:48:05.123038 | BTCUSDT | WATCH | Flat | Score: -6.0
2026-02-26T23:48:05.134787 | ETHUSDT | WATCH | Flat | Score: 1.7
2026-02-26T23:48:05.138754 | BNBUSDT | WATCH | Flat | Score: 13.0
2026-02-26T23:58:05.904841 | BTCUSDT | WATCH | Flat | Score: -6.0
2026-02-26T23:58:05.916498 | ETHUSDT | WATCH | Flat | Score: 1.7
2026-02-26T23:58:05.920310 | BNBUSDT | WATCH | Flat | Score: 13.0
2026-02-27T00:08:05.490082 | BTCUSDT | WATCH | Flat | Score: -12.0
2026-02-27T00:08:05.501947 | ETHUSDT | WATCH | Flat | Score: -2.7
2026-02-27T00:08:05.505612 | BNBUSDT | WATCH | Flat | Score: 6.0
2026-02-27T00:18:05.414718 | BTCUSDT | WATCH | Flat | Score: -12.0
2026-02-27T00:18:05.426618 | ETHUSDT | WATCH | Flat | Score: -2.7
2026-02-27T00:18:05.430286 | BNBUSDT | WATCH | Flat | Score: 6.0
2026-02-27T00:28:05.885829 | BTCUSDT | WATCH | Flat | Score: -12.0
2026-02-27T00:28:05.897581 | ETHUSDT | WATCH | Flat | Score: -2.7
2026-02-27T00:28:05.901400 | BNBUSDT | WATCH | Flat | Score: 6.0
2026-02-27T00:38:05.845882 | BTCUSDT | WATCH | Flat | Score: -12.0
2026-02-27T00:38:05.858141 | ETHUSDT | WATCH | Flat | Score: -2.7
2026-02-27T00:38:05.861779 | BNBUSDT | WATCH | Flat | Score: 6.0
2026-02-27T00:48:05.735732 | BTCUSDT | WATCH | Flat | Score: -12.0
2026-02-27T00:48:05.747801 | ETHUSDT | WATCH | Flat | Score: -2.7
2026-02-27T00:48:05.751766 | BNBUSDT | WATCH | Flat | Score: 6.0
2026-02-27T00:58:05.851662 | BTCUSDT | WATCH | Flat | Score: -12.0
2026-02-27T00:58:05.863509 | ETHUSDT | WATCH | Flat | Score: -2.7
2026-02-27T00:58:05.867209 | BNBUSDT | WATCH | Flat | Score: 6.0
2026-02-27T01:08:05.508696 | BTCUSDT | WATCH | Flat | Score: -6.0
2026-02-27T01:08:05.520858 | ETHUSDT | WATCH | Flat | Score: -5.6
2026-02-27T01:08:05.524601 | BNBUSDT | WATCH | Flat | Score: 6.7
2026-02-27T01:18:05.612878 | BTCUSDT | WATCH | Flat | Score: -6.0
2026-02-27T01:18:05.624783 | ETHUSDT | WATCH | Flat | Score: -5.6
2026-02-27T01:18:05.628370 | BNBUSDT | WATCH | Flat | Score: 6.7
2026-02-27T01:28:06.576336 | BTCUSDT | WATCH | Flat | Score: -6.0
2026-02-27T01:28:06.587972 | ETHUSDT | WATCH | Flat | Score: -5.6
2026-02-27T01:28:06.591760 | BNBUSDT | WATCH | Flat | Score: 6.7
2026-02-27T01:38:06.808772 | BTCUSDT | WATCH | Flat | Score: -6.0
2026-02-27T01:38:06.820663 | ETHUSDT | WATCH | Flat | Score: -5.6
2026-02-27T01:38:06.824370 | BNBUSDT | WATCH | Flat | Score: 6.7
2026-02-27T01:48:05.737144 | BTCUSDT | WATCH | Flat | Score: -6.0
2026-02-27T01:48:05.749097 | ETHUSDT | WATCH | Flat | Score: -5.6
2026-02-27T01:48:05.753255 | BNBUSDT | WATCH | Flat | Score: 6.7
2026-02-27T01:58:05.903930 | BTCUSDT | WATCH | Flat | Score: -6.0
2026-02-27T01:58:05.915919 | ETHUSDT | WATCH | Flat | Score: -5.6
2026-02-27T01:58:05.919671 | BNBUSDT | WATCH | Flat | Score: 6.7
2026-02-27T02:08:05.298641 | BTCUSDT | WATCH | Flat | Score: -9.2
2026-02-27T02:08:05.310950 | ETHUSDT | WATCH | Flat | Score: -1.2
2026-02-27T02:08:05.314822 | BNBUSDT | WATCH | Flat | Score: 4.8
2026-02-27T02:18:05.787650 | BTCUSDT | WATCH | Flat | Score: -9.2
2026-02-27T02:18:05.800747 | ETHUSDT | WATCH | Flat | Score: -1.2
2026-02-27T02:18:05.804646 | BNBUSDT | WATCH | Flat | Score: 4.8
2026-02-27T02:28:05.696248 | BTCUSDT | WATCH | Flat | Score: -9.2
2026-02-27T02:28:05.708373 | ETHUSDT | WATCH | Flat | Score: -1.2
2026-02-27T02:28:05.712190 | BNBUSDT | WATCH | Flat | Score: 4.8
2026-02-27T02:38:05.445327 | BTCUSDT | WATCH | Flat | Score: -9.2
2026-02-27T02:38:05.457673 | ETHUSDT | WATCH | Flat | Score: -1.2
2026-02-27T02:38:05.461423 | BNBUSDT | WATCH | Flat | Score: 4.8
2026-02-27T02:48:05.733643 | BTCUSDT | WATCH | Flat | Score: -9.2
2026-02-27T02:48:05.745534 | ETHUSDT | WATCH | Flat | Score: -1.2
2026-02-27T02:48:05.749457 | BNBUSDT | WATCH | Flat | Score: 4.8
2026-02-27T02:58:05.932706 | BTCUSDT | WATCH | Flat | Score: -9.2
2026-02-27T02:58:05.944554 | ETHUSDT | WATCH | Flat | Score: -1.2
2026-02-27T02:58:05.948375 | BNBUSDT | WATCH | Flat | Score: 4.8
2026-02-27T03:08:05.327908 | BTCUSDT | WATCH | Flat | Score: -4.8
2026-02-27T03:08:05.340021 | ETHUSDT | WATCH | Flat | Score: 2.7
2026-02-27T03:08:05.344330 | BNBUSDT | WATCH | Flat | Score: 17.7
2026-02-27T03:18:06.042878 | BTCUSDT | WATCH | Flat | Score: -4.8
2026-02-27T03:18:06.054588 | ETHUSDT | WATCH | Flat | Score: 2.7
2026-02-27T03:18:06.058861 | BNBUSDT | WATCH | Flat | Score: 17.7
2026-02-27T03:28:05.968752 | BTCUSDT | WATCH | Flat | Score: -4.8
2026-02-27T03:28:05.980399 | ETHUSDT | WATCH | Flat | Score: 2.7
2026-02-27T03:28:05.984641 | BNBUSDT | WATCH | Flat | Score: 17.7
2026-02-27T03:38:06.126539 | BTCUSDT | WATCH | Flat | Score: -4.8
2026-02-27T03:38:06.144981 | ETHUSDT | WATCH | Flat | Score: 2.7
2026-02-27T03:38:06.149293 | BNBUSDT | WATCH | Flat | Score: 17.7
2026-02-27T03:48:05.829801 | BTCUSDT | WATCH | Flat | Score: -4.8
2026-02-27T03:48:05.841820 | ETHUSDT | WATCH | Flat | Score: 2.7
2026-02-27T03:48:05.845791 | BNBUSDT | WATCH | Flat | Score: 17.7
2026-02-27T03:58:05.422253 | BTCUSDT | WATCH | Flat | Score: -4.8
2026-02-27T03:58:05.434120 | ETHUSDT | WATCH | Flat | Score: 2.7
2026-02-27T03:58:05.438144 | BNBUSDT | WATCH | Flat | Score: 17.7
2026-02-27T04:08:05.910081 | BTCUSDT | WATCH | Flat | Score: -0.3
2026-02-27T04:08:05.922031 | ETHUSDT | WATCH | Flat | Score: 2.7
2026-02-27T04:08:05.926325 | BNBUSDT | WATCH | Flat | Score: 19.2
2026-02-27T04:18:06.691250 | BTCUSDT | WATCH | Flat | Score: -0.3
2026-02-27T04:18:06.704516 | ETHUSDT | WATCH | Flat | Score: 2.7
2026-02-27T04:18:06.708519 | BNBUSDT | WATCH | Flat | Score: 19.2
2026-02-27T04:28:06.049163 | BTCUSDT | WATCH | Flat | Score: -0.3
2026-02-27T04:28:06.062085 | ETHUSDT | WATCH | Flat | Score: 2.7
2026-02-27T04:28:06.066646 | BNBUSDT | WATCH | Flat | Score: 19.2
2026-02-27T04:38:05.940115 | BTCUSDT | WATCH | Flat | Score: -0.3
2026-02-27T04:38:05.951989 | ETHUSDT | WATCH | Flat | Score: 2.7
2026-02-27T04:38:05.955927 | BNBUSDT | WATCH | Flat | Score: 19.2
2026-02-27T04:48:05.514608 | BTCUSDT | WATCH | Flat | Score: -0.3
2026-02-27T04:48:05.526511 | ETHUSDT | WATCH | Flat | Score: 2.7
2026-02-27T04:48:05.532934 | BNBUSDT | WATCH | Flat | Score: 19.2
2026-02-27T04:58:05.666212 | BTCUSDT | WATCH | Flat | Score: -0.3
2026-02-27T04:58:05.678509 | ETHUSDT | WATCH | Flat | Score: 2.7
2026-02-27T04:58:05.682617 | BNBUSDT | WATCH | Flat | Score: 19.2
2026-02-27T05:08:05.256873 | BTCUSDT | WATCH | Flat | Score: -0.3
2026-02-27T05:08:05.268769 | ETHUSDT | WATCH | Flat | Score: 2.7
2026-02-27T05:08:05.272685 | BNBUSDT | WATCH | Flat | Score: 19.2
2026-02-27T05:18:05.460770 | BTCUSDT | WATCH | Flat | Score: 0.4
2026-02-27T05:18:05.472790 | ETHUSDT | WATCH | Flat | Score: 0.4
2026-02-27T05:18:05.476850 | BNBUSDT | WATCH | Flat | Score: 6.7
2026-02-27T05:28:05.661978 | BTCUSDT | WATCH | Flat | Score: 0.4
2026-02-27T05:28:05.677089 | ETHUSDT | WATCH | Flat | Score: 0.4
2026-02-27T05:28:05.682871 | BNBUSDT | WATCH | Flat | Score: 6.7
2026-02-27T05:38:05.691355 | BTCUSDT | WATCH | Flat | Score: 0.4
2026-02-27T05:38:05.703410 | ETHUSDT | WATCH | Flat | Score: 0.4
2026-02-27T05:38:05.707349 | BNBUSDT | WATCH | Flat | Score: 6.7
2026-02-27T05:48:05.978936 | BTCUSDT | WATCH | Flat | Score: 0.4
2026-02-27T05:48:05.990919 | ETHUSDT | WATCH | Flat | Score: 0.4
2026-02-27T05:48:05.995244 | BNBUSDT | WATCH | Flat | Score: 6.7
2026-02-27T05:58:05.462042 | BTCUSDT | WATCH | Flat | Score: 0.4
2026-02-27T05:58:05.473836 | ETHUSDT | WATCH | Flat | Score: 0.4
2026-02-27T05:58:05.477893 | BNBUSDT | WATCH | Flat | Score: 6.7
2026-02-27T06:08:05.126468 | BTCUSDT | WATCH | Flat | Score: 0.4
2026-02-27T06:08:05.138269 | ETHUSDT | WATCH | Flat | Score: 0.4
2026-02-27T06:08:05.142138 | BNBUSDT | WATCH | Flat | Score: 6.7
2026-02-27T06:18:05.791805 | BTCUSDT | WATCH | Flat | Score: 1.9
2026-02-27T06:18:05.803724 | ETHUSDT | WATCH | Flat | Score: 4.1
2026-02-27T06:18:05.807909 | BNBUSDT | WATCH | Flat | Score: 20.9
2026-02-27T06:28:05.320154 | BTCUSDT | WATCH | Flat | Score: 1.9
2026-02-27T06:28:05.332223 | ETHUSDT | WATCH | Flat | Score: 4.1
2026-02-27T06:28:05.340692 | BNBUSDT | WATCH | Flat | Score: 20.9
2026-02-27T06:38:05.710286 | BTCUSDT | WATCH | Flat | Score: 1.9
2026-02-27T06:38:05.722639 | ETHUSDT | WATCH | Flat | Score: 4.1
2026-02-27T06:38:05.727349 | BNBUSDT | WATCH | Flat | Score: 20.9
2026-02-27T06:48:06.692391 | BTCUSDT | WATCH | Flat | Score: 1.9
2026-02-27T06:48:06.707335 | ETHUSDT | WATCH | Flat | Score: 4.1
2026-02-27T06:48:06.711450 | BNBUSDT | WATCH | Flat | Score: 20.9
2026-02-27T06:58:05.470686 | BTCUSDT | WATCH | Flat | Score: 1.9
2026-02-27T06:58:05.482851 | ETHUSDT | WATCH | Flat | Score: 4.1
2026-02-27T06:58:05.486996 | BNBUSDT | WATCH | Flat | Score: 20.9
2026-02-27T07:08:05.784016 | BTCUSDT | WATCH | Flat | Score: 1.9
2026-02-27T07:08:05.796307 | ETHUSDT | WATCH | Flat | Score: 4.1
2026-02-27T07:08:05.800408 | BNBUSDT | WATCH | Flat | Score: 20.9
2026-02-27T07:18:05.604723 | BTCUSDT | WATCH | Flat | Score: 1.1
2026-02-27T07:18:05.618221 | ETHUSDT | WATCH | Flat | Score: 3.4
2026-02-27T07:18:05.622353 | BNBUSDT | WATCH | Flat | Score: 22.7
2026-02-27T07:28:05.259254 | BTCUSDT | WATCH | Flat | Score: 1.1
2026-02-27T07:28:05.274775 | ETHUSDT | WATCH | Flat | Score: 3.4
2026-02-27T07:28:05.280432 | BNBUSDT | WATCH | Flat | Score: 22.7
2026-02-27T07:38:05.528689 | BTCUSDT | WATCH | Flat | Score: 1.1
2026-02-27T07:38:05.540858 | ETHUSDT | WATCH | Flat | Score: 3.4
2026-02-27T07:38:05.544930 | BNBUSDT | WATCH | Flat | Score: 22.7
2026-02-27T07:48:05.425516 | BTCUSDT | WATCH | Flat | Score: 1.1
2026-02-27T07:48:05.437732 | ETHUSDT | WATCH | Flat | Score: 3.4
2026-02-27T07:48:05.441840 | BNBUSDT | WATCH | Flat | Score: 22.7
2026-02-27T07:58:05.206160 | BTCUSDT | WATCH | Flat | Score: 1.1
2026-02-27T07:58:05.218225 | ETHUSDT | WATCH | Flat | Score: 3.4
2026-02-27T07:58:05.222335 | BNBUSDT | WATCH | Flat | Score: 22.7
2026-02-27T08:08:05.647931 | BTCUSDT | WATCH | Flat | Score: 1.1
2026-02-27T08:08:05.660277 | ETHUSDT | WATCH | Flat | Score: 3.4
2026-02-27T08:08:05.665587 | BNBUSDT | WATCH | Flat | Score: 22.7
2026-02-27T08:18:05.713290 | BTCUSDT | WATCH | Flat | Score: -4.6
2026-02-27T08:18:05.717809 | ETHUSDT | WATCH | Flat | Score: 4.0
2026-02-27T08:18:05.721986 | BNBUSDT | WATCH | Flat | Score: 22.2
2026-02-27T08:28:05.707520 | BTCUSDT | WATCH | Flat | Score: -4.6
2026-02-27T08:28:05.712544 | ETHUSDT | WATCH | Flat | Score: 4.0
2026-02-27T08:28:05.717240 | BNBUSDT | WATCH | Flat | Score: 22.2
2026-02-27T08:38:06.215552 | BTCUSDT | WATCH | Flat | Score: -4.6
2026-02-27T08:38:06.219935 | ETHUSDT | WATCH | Flat | Score: 4.0
2026-02-27T08:38:06.223949 | BNBUSDT | WATCH | Flat | Score: 22.2
2026-02-27T08:48:05.944973 | BTCUSDT | WATCH | Flat | Score: -4.6
2026-02-27T08:48:05.949892 | ETHUSDT | WATCH | Flat | Score: 4.0
2026-02-27T08:48:05.958042 | BNBUSDT | WATCH | Flat | Score: 22.2
2026-02-27T08:58:05.773425 | BTCUSDT | WATCH | Flat | Score: -4.6
2026-02-27T08:58:05.777780 | ETHUSDT | WATCH | Flat | Score: 4.0
2026-02-27T08:58:05.781861 | BNBUSDT | WATCH | Flat | Score: 22.2
2026-02-27T09:18:06.333950 | BTCUSDT | WATCH | Flat | Score: -4.7
2026-02-27T09:18:06.338749 | ETHUSDT | WATCH | Flat | Score: 3.0
2026-02-27T09:18:06.343008 | BNBUSDT | WATCH | Flat | Score: 11.9
2026-02-27T09:28:05.846528 | BTCUSDT | WATCH | Flat | Score: -4.7
2026-02-27T09:28:05.850928 | ETHUSDT | WATCH | Flat | Score: 3.0
2026-02-27T09:28:05.854885 | BNBUSDT | WATCH | Flat | Score: 11.9
2026-02-27T09:38:05.423576 | BTCUSDT | WATCH | Flat | Score: -4.7
2026-02-27T09:38:05.428036 | ETHUSDT | WATCH | Flat | Score: 3.0
2026-02-27T09:38:05.434531 | BNBUSDT | WATCH | Flat | Score: 11.9
2026-02-27T09:48:05.404255 | BTCUSDT | WATCH | Flat | Score: -4.7
2026-02-27T09:48:05.408581 | ETHUSDT | WATCH | Flat | Score: 3.0
2026-02-27T09:48:05.412671 | BNBUSDT | WATCH | Flat | Score: 11.9
2026-02-27T09:58:05.573023 | BTCUSDT | WATCH | Flat | Score: -4.7
2026-02-27T09:58:05.577463 | ETHUSDT | WATCH | Flat | Score: 3.0
2026-02-27T09:58:05.581587 | BNBUSDT | WATCH | Flat | Score: 11.9
2026-02-27T10:18:05.334435 | BTCUSDT | WATCH | Flat | Score: -2.8
2026-02-27T10:18:05.339120 | ETHUSDT | WATCH | Flat | Score: 1.7
2026-02-27T10:18:05.343474 | BNBUSDT | WATCH | Flat | Score: 25.7
2026-02-27T10:28:05.533024 | BTCUSDT | WATCH | Flat | Score: -2.8
2026-02-27T10:28:05.537792 | ETHUSDT | WATCH | Flat | Score: 1.7
2026-02-27T10:28:05.542524 | BNBUSDT | WATCH | Flat | Score: 25.7
2026-02-27T10:38:05.748216 | BTCUSDT | WATCH | Flat | Score: -2.8
2026-02-27T10:38:05.753327 | ETHUSDT | WATCH | Flat | Score: 1.7
2026-02-27T10:38:05.757982 | BNBUSDT | WATCH | Flat | Score: 25.7
2026-02-27T10:48:05.631458 | BTCUSDT | WATCH | Flat | Score: -2.8
2026-02-27T10:48:05.636195 | ETHUSDT | WATCH | Flat | Score: 1.7
2026-02-27T10:48:05.640361 | BNBUSDT | WATCH | Flat | Score: 25.7
2026-02-27T10:58:05.488992 | BTCUSDT | WATCH | Flat | Score: -2.8
2026-02-27T10:58:05.493529 | ETHUSDT | WATCH | Flat | Score: 1.7
2026-02-27T10:58:05.498602 | BNBUSDT | WATCH | Flat | Score: 25.7
2026-02-27T11:08:07.669538 | BTCUSDT | WATCH | Flat | Score: -2.8
2026-02-27T11:08:07.674168 | ETHUSDT | WATCH | Flat | Score: 1.7
2026-02-27T11:08:07.679013 | BNBUSDT | WATCH | Flat | Score: 25.7
2026-02-27T11:18:06.435603 | BTCUSDT | WATCH | Flat | Score: -2.8
2026-02-27T11:18:06.440502 | ETHUSDT | WATCH | Flat | Score: 1.7
2026-02-27T11:18:06.445138 | BNBUSDT | WATCH | Flat | Score: 25.7
2026-02-27T11:28:06.469837 | BTCUSDT | WATCH | Flat | Score: -6.3
2026-02-27T11:28:06.474355 | ETHUSDT | WATCH | Flat | Score: 0.7
2026-02-27T11:28:06.479520 | BNBUSDT | WATCH | Flat | Score: 25.0
2026-02-27T11:38:05.520454 | BTCUSDT | WATCH | Flat | Score: -6.3
2026-02-27T11:38:05.525058 | ETHUSDT | WATCH | Flat | Score: 0.7
2026-02-27T11:38:05.529415 | BNBUSDT | WATCH | Flat | Score: 25.0
2026-02-27T11:48:05.518397 | BTCUSDT | WATCH | Flat | Score: -6.3
2026-02-27T11:48:05.522978 | ETHUSDT | WATCH | Flat | Score: 0.7
2026-02-27T11:48:05.527180 | BNBUSDT | WATCH | Flat | Score: 25.0
2026-02-27T11:58:05.857980 | BTCUSDT | WATCH | Flat | Score: -6.3
2026-02-27T11:58:05.862599 | ETHUSDT | WATCH | Flat | Score: 0.7
2026-02-27T11:58:05.866872 | BNBUSDT | WATCH | Flat | Score: 25.0
2026-02-27T12:08:05.843015 | BTCUSDT | WATCH | Flat | Score: -6.3
2026-02-27T12:08:05.847853 | ETHUSDT | WATCH | Flat | Score: 0.7
2026-02-27T12:08:05.852625 | BNBUSDT | WATCH | Flat | Score: 25.0
2026-02-27T12:18:06.392569 | BTCUSDT | WATCH | Flat | Score: -6.3
2026-02-27T12:18:06.396942 | ETHUSDT | WATCH | Flat | Score: 0.7
2026-02-27T12:18:06.401052 | BNBUSDT | WATCH | Flat | Score: 25.0
2026-02-27T12:28:05.185309 | BTCUSDT | WATCH | Flat | Score: 12.3
2026-02-27T12:28:05.190300 | ETHUSDT | WATCH | Flat | Score: 19.7
2026-02-27T12:28:05.195242 | BNBUSDT | WATCH | Flat | Score: 29.7
2026-02-27T12:38:06.367424 | BTCUSDT | WATCH | Flat | Score: 11.3
2026-02-27T12:38:06.371966 | ETHUSDT | WATCH | Flat | Score: 18.3
2026-02-27T12:38:06.376210 | BNBUSDT | WATCH | Flat | Score: 29.0
2026-02-27T12:48:05.648274 | BTCUSDT | WATCH | Flat | Score: 11.0
2026-02-27T12:48:05.652862 | ETHUSDT | WATCH | Flat | Score: 18.0
2026-02-27T12:48:05.659931 | BNBUSDT | WATCH | Flat | Score: 29.3
2026-02-27T12:58:05.506766 | BTCUSDT | WATCH | Flat | Score: 11.6
2026-02-27T12:58:05.511317 | ETHUSDT | WATCH | Flat | Score: 18.3
2026-02-27T12:58:05.516228 | BNBUSDT | WATCH | Flat | Score: 29.0
2026-02-27T13:08:05.278861 | BTCUSDT | WATCH | Flat | Score: 8.6
2026-02-27T13:08:05.283619 | ETHUSDT | WATCH | Flat | Score: 16.3
2026-02-27T13:08:05.288639 | BNBUSDT | WATCH | Flat | Score: 26.6
2026-02-27T13:18:05.265661 | BTCUSDT | WATCH | Flat | Score: 8.6
2026-02-27T13:18:05.270428 | ETHUSDT | WATCH | Flat | Score: 16.3
2026-02-27T13:18:05.274723 | BNBUSDT | WATCH | Flat | Score: 26.3
2026-02-27T13:28:05.586874 | BTCUSDT | WATCH | Flat | Score: 8.6
2026-02-27T13:28:05.594109 | ETHUSDT | WATCH | Flat | Score: 16.3
2026-02-27T13:28:05.601690 | BNBUSDT | WATCH | Flat | Score: 26.3
2026-02-27T13:38:05.606660 | BTCUSDT | WATCH | Flat | Score: 10.0
2026-02-27T13:38:05.611319 | ETHUSDT | WATCH | Flat | Score: 17.0
2026-02-27T13:38:05.615604 | BNBUSDT | WATCH | Flat | Score: 26.6
2026-02-27T13:48:05.610384 | BTCUSDT | WATCH | Flat | Score: 9.0
2026-02-27T13:48:05.615702 | ETHUSDT | WATCH | Flat | Score: 15.7
2026-02-27T13:48:05.621105 | BNBUSDT | WATCH | Flat | Score: 26.6
2026-02-27T13:58:05.544876 | BTCUSDT | WATCH | Flat | Score: 8.7
2026-02-27T13:58:05.549946 | ETHUSDT | WATCH | Flat | Score: 16.0
2026-02-27T13:58:05.554811 | BNBUSDT | WATCH | Flat | Score: 26.3
2026-02-27T14:08:06.646446 | BTCUSDT | WATCH | Flat | Score: 11.2
2026-02-27T14:08:06.651506 | ETHUSDT | WATCH | Flat | Score: 12.2
2026-02-27T14:08:06.656479 | BNBUSDT | WATCH | Flat | Score: 27.4
2026-02-27T14:18:05.820693 | BTCUSDT | WATCH | Flat | Score: 11.8
2026-02-27T14:18:05.825377 | ETHUSDT | WATCH | Flat | Score: 12.8
2026-02-27T14:18:05.829828 | BNBUSDT | WATCH | Flat | Score: 23.9
2026-02-27T14:28:05.892986 | BTCUSDT | WATCH | Flat | Score: 11.2
2026-02-27T14:28:05.897860 | ETHUSDT | WATCH | Flat | Score: 12.2
2026-02-27T14:28:05.903183 | BNBUSDT | WATCH | Flat | Score: 23.9
2026-02-27T14:38:06.428248 | BTCUSDT | WATCH | Flat | Score: 12.8
2026-02-27T14:38:06.433207 | ETHUSDT | WATCH | Flat | Score: 13.1
2026-02-27T14:38:06.437664 | BNBUSDT | WATCH | Flat | Score: 24.5
2026-02-27T14:48:05.442648 | BTCUSDT | WATCH | Flat | Score: 15.4
2026-02-27T14:48:05.447680 | ETHUSDT | WATCH | Flat | Score: 13.5
2026-02-27T14:48:05.452746 | BNBUSDT | WATCH | Flat | Score: 24.5
2026-02-27T14:58:05.641195 | BTCUSDT | WATCH | Flat | Score: 16.6
2026-02-27T14:58:05.645993 | ETHUSDT | WATCH | Flat | Score: 13.8
2026-02-27T14:58:05.651156 | BNBUSDT | WATCH | Flat | Score: 24.2
2026-02-27T15:08:08.087931 | BTCUSDT | WATCH | Flat | Score: 11.5
2026-02-27T15:08:08.092663 | ETHUSDT | WATCH | Flat | Score: 12.5
2026-02-27T15:08:08.099025 | BNBUSDT | WATCH | Flat | Score: 22.4
2026-02-27T15:18:06.249259 | BTCUSDT | WATCH | Flat | Score: 11.2
2026-02-27T15:18:06.253982 | ETHUSDT | WATCH | Flat | Score: 12.8
2026-02-27T15:18:06.258310 | BNBUSDT | WATCH | Flat | Score: 18.9
2026-02-27T15:28:06.762058 | BTCUSDT | WATCH | Flat | Score: 11.5
2026-02-27T15:28:06.766797 | ETHUSDT | WATCH | Flat | Score: 12.5
2026-02-27T15:28:06.771276 | BNBUSDT | WATCH | Flat | Score: 19.2
2026-02-27T15:38:05.856035 | BTCUSDT | WATCH | Flat | Score: 9.3
2026-02-27T15:38:05.860813 | ETHUSDT | WATCH | Flat | Score: 10.0
2026-02-27T15:38:05.866051 | BNBUSDT | WATCH | Flat | Score: 19.5
2026-02-27T15:48:06.579518 | BTCUSDT | WATCH | Flat | Score: 8.7
2026-02-27T15:48:06.584297 | ETHUSDT | WATCH | Flat | Score: 10.0
2026-02-27T15:48:06.588637 | BNBUSDT | WATCH | Flat | Score: 19.2
2026-02-27T15:58:05.672017 | BTCUSDT | WATCH | Flat | Score: 9.3
2026-02-27T15:58:05.676687 | ETHUSDT | WATCH | Flat | Score: 10.6
2026-02-27T15:58:05.681085 | BNBUSDT | WATCH | Flat | Score: 19.5
2026-02-27T16:08:14.892766 | BTCUSDT | WATCH | Flat | Score: 13.4
2026-02-27T16:08:14.898603 | ETHUSDT | WATCH | Flat | Score: 2.7
2026-02-27T16:08:14.903601 | BNBUSDT | WATCH | Flat | Score: 8.9
2026-02-27T16:18:05.641890 | BTCUSDT | WATCH | Flat | Score: 13.0
2026-02-27T16:18:05.646724 | ETHUSDT | WATCH | Flat | Score: 8.4
2026-02-27T16:18:05.651183 | BNBUSDT | WATCH | Flat | Score: 13.6
2026-02-27T16:28:05.769158 | BTCUSDT | WATCH | Flat | Score: 12.7
2026-02-27T16:28:05.774135 | ETHUSDT | WATCH | Flat | Score: 9.0
2026-02-27T16:28:05.778688 | BNBUSDT | WATCH | Flat | Score: 13.0
2026-02-27T16:38:05.943650 | BTCUSDT | WATCH | Flat | Score: 12.7
2026-02-27T16:38:05.948555 | ETHUSDT | WATCH | Flat | Score: 8.7
2026-02-27T16:38:05.953825 | BNBUSDT | WATCH | Flat | Score: 15.5
2026-02-27T16:48:06.055460 | BTCUSDT | WATCH | Flat | Score: 13.2
2026-02-27T16:48:06.060339 | ETHUSDT | WATCH | Flat | Score: 6.5
2026-02-27T16:48:06.064855 | BNBUSDT | WATCH | Flat | Score: 13.0
2026-02-27T16:58:05.903134 | BTCUSDT | WATCH | Flat | Score: 12.6
2026-02-27T16:58:05.909842 | ETHUSDT | WATCH | Flat | Score: 5.6
2026-02-27T16:58:05.917975 | BNBUSDT | WATCH | Flat | Score: 13.0
2026-02-27T17:08:06.040842 | BTCUSDT | WATCH | Flat | Score: 14.6
2026-02-27T17:08:06.046485 | ETHUSDT | WATCH | Flat | Score: 3.7
2026-02-27T17:08:06.054977 | BNBUSDT | WATCH | Flat | Score: 23.7
2026-02-27T17:18:06.147604 | BTCUSDT | WATCH | Flat | Score: 12.6
2026-02-27T17:18:06.152863 | ETHUSDT | WATCH | Flat | Score: 8.4
2026-02-27T17:18:06.157950 | BNBUSDT | WATCH | Flat | Score: 22.0
2026-02-27T17:28:05.864310 | BTCUSDT | WATCH | Flat | Score: 12.6
2026-02-27T17:28:05.869439 | ETHUSDT | WATCH | Flat | Score: 9.0
2026-02-27T17:28:05.874511 | BNBUSDT | WATCH | Flat | Score: 22.6
2026-02-27T17:38:06.919717 | BTCUSDT | WATCH | Flat | Score: 12.9
2026-02-27T17:38:06.924675 | ETHUSDT | WATCH | Flat | Score: 7.6
2026-02-27T17:38:06.929255 | BNBUSDT | WATCH | Flat | Score: 22.3
2026-02-27T17:48:06.137580 | BTCUSDT | WATCH | Flat | Score: 9.1
2026-02-27T17:48:06.142954 | ETHUSDT | WATCH | Flat | Score: 6.2
2026-02-27T17:48:06.147460 | BNBUSDT | WATCH | Flat | Score: 19.1
2026-02-27T17:58:05.949145 | BTCUSDT | WATCH | Flat | Score: 8.5
2026-02-27T17:58:05.954845 | ETHUSDT | WATCH | Flat | Score: 5.6
2026-02-27T17:58:05.961134 | BNBUSDT | WATCH | Flat | Score: 18.5
2026-02-27T18:08:07.546924 | BTCUSDT | WATCH | Flat | Score: -7.1
2026-02-27T18:08:07.551907 | ETHUSDT | WATCH | Flat | Score: 1.1
2026-02-27T18:08:07.558698 | BNBUSDT | WATCH | Flat | Score: 9.2
2026-02-27T18:18:05.995619 | BTCUSDT | WATCH | Flat | Score: -3.7
2026-02-27T18:18:06.000573 | ETHUSDT | WATCH | Flat | Score: 1.7
2026-02-27T18:18:06.005375 | BNBUSDT | WATCH | Flat | Score: 9.2
2026-02-27T18:28:06.043028 | BTCUSDT | WATCH | Flat | Score: -4.3
2026-02-27T18:28:06.048034 | ETHUSDT | WATCH | Flat | Score: 1.1
2026-02-27T18:28:06.052638 | BNBUSDT | WATCH | Flat | Score: 8.6
2026-02-27T18:38:05.634626 | BTCUSDT | WATCH | Flat | Score: -5.7
2026-02-27T18:38:05.639614 | ETHUSDT | WATCH | Flat | Score: 0.0
2026-02-27T18:38:05.645182 | BNBUSDT | WATCH | Flat | Score: 7.2
2026-02-27T18:48:06.487825 | BTCUSDT | WATCH | Flat | Score: -5.7
2026-02-27T18:48:06.492561 | ETHUSDT | WATCH | Flat | Score: 0.0
2026-02-27T18:48:06.497066 | BNBUSDT | WATCH | Flat | Score: 7.2
2026-02-27T18:58:06.150936 | BTCUSDT | WATCH | Flat | Score: -5.7
2026-02-27T18:58:06.155830 | ETHUSDT | WATCH | Flat | Score: -0.3
2026-02-27T18:58:06.161247 | BNBUSDT | WATCH | Flat | Score: 7.2
2026-02-27T19:08:05.900789 | BTCUSDT | WATCH | Flat | Score: 2.0
2026-02-27T19:08:05.905683 | ETHUSDT | WATCH | Flat | Score: 1.1
2026-02-27T19:08:05.910190 | BNBUSDT | WATCH | Flat | Score: 6.6
2026-02-27T19:18:05.223710 | BTCUSDT | WATCH | Flat | Score: 0.0
2026-02-27T19:18:05.229613 | ETHUSDT | WATCH | Flat | Score: 1.7
2026-02-27T19:18:05.235768 | BNBUSDT | WATCH | Flat | Score: 6.3
2026-02-27T19:28:05.794433 | BTCUSDT | WATCH | Flat | Score: 0.6
2026-02-27T19:28:05.799395 | ETHUSDT | WATCH | Flat | Score: 1.4
2026-02-27T19:28:05.804006 | BNBUSDT | WATCH | Flat | Score: 6.3
2026-02-27T19:38:06.426175 | BTCUSDT | WATCH | Flat | Score: 0.3
2026-02-27T19:38:06.431662 | ETHUSDT | WATCH | Flat | Score: 0.7
2026-02-27T19:38:06.437645 | BNBUSDT | WATCH | Flat | Score: 6.0
2026-02-27T19:48:05.628921 | BTCUSDT | WATCH | Flat | Score: -1.5
2026-02-27T19:48:05.634291 | ETHUSDT | WATCH | Flat | Score: -2.3
2026-02-27T19:48:05.638903 | BNBUSDT | WATCH | Flat | Score: 5.7
2026-02-27T19:58:05.961215 | BTCUSDT | WATCH | Flat | Score: -1.5
2026-02-27T19:58:05.967456 | ETHUSDT | WATCH | Flat | Score: -2.3
2026-02-27T19:58:05.973366 | BNBUSDT | WATCH | Flat | Score: 5.7
2026-02-27T20:08:06.002209 | BTCUSDT | WATCH | Flat | Score: -14.9
2026-02-27T20:08:06.007148 | ETHUSDT | WATCH | Flat | Score: -15.2
2026-02-27T20:08:06.011711 | BNBUSDT | WATCH | Flat | Score: 0.3
2026-02-27T20:18:05.854951 | BTCUSDT | WATCH | Flat | Score: -15.5
2026-02-27T20:18:05.859866 | ETHUSDT | WATCH | Flat | Score: -15.5
2026-02-27T20:18:05.864633 | BNBUSDT | WATCH | Flat | Score: -1.1
2026-02-27T20:28:06.283894 | BTCUSDT | WATCH | Flat | Score: -14.9
2026-02-27T20:28:06.288800 | ETHUSDT | WATCH | Flat | Score: -15.8
2026-02-27T20:28:06.293446 | BNBUSDT | WATCH | Flat | Score: -1.7
2026-02-27T20:38:07.159532 | BTCUSDT | WATCH | Flat | Score: -13.5
2026-02-27T20:38:07.164527 | ETHUSDT | WATCH | Flat | Score: -15.8
2026-02-27T20:38:07.170051 | BNBUSDT | WATCH | Flat | Score: -0.3
2026-02-27T20:48:05.523227 | BTCUSDT | WATCH | Flat | Score: -14.9
2026-02-27T20:48:05.528071 | ETHUSDT | WATCH | Flat | Score: -15.0
2026-02-27T20:48:05.533581 | BNBUSDT | WATCH | Flat | Score: 0.3
2026-02-27T20:58:05.764210 | BTCUSDT | WATCH | Flat | Score: -15.2
2026-02-27T20:58:05.769191 | ETHUSDT | WATCH | Flat | Score: -14.4
2026-02-27T20:58:05.774750 | BNBUSDT | WATCH | Flat | Score: -0.3
2026-02-27T21:08:06.735865 | BTCUSDT | WATCH | Flat | Score: -14.9
2026-02-27T21:08:06.740834 | ETHUSDT | WATCH | Flat | Score: -13.3
2026-02-27T21:08:06.745516 | BNBUSDT | WATCH | Flat | Score: 2.2
2026-02-27T21:18:05.948622 | BTCUSDT | WATCH | Flat | Score: -14.8
2026-02-27T21:18:05.953678 | ETHUSDT | WATCH | Flat | Score: -13.6
2026-02-27T21:18:05.959193 | BNBUSDT | WATCH | Flat | Score: 0.8
2026-02-27T21:28:05.807548 | BTCUSDT | WATCH | Flat | Score: -14.2
2026-02-27T21:28:05.812669 | ETHUSDT | WATCH | Flat | Score: -13.3
2026-02-27T21:28:05.817943 | BNBUSDT | WATCH | Flat | Score: 0.5
2026-02-27T21:38:06.128071 | BTCUSDT | WATCH | Flat | Score: -13.1
2026-02-27T21:38:06.133145 | ETHUSDT | WATCH | Flat | Score: -12.7
2026-02-27T21:38:06.137855 | BNBUSDT | WATCH | Flat | Score: 1.3
2026-02-27T21:48:07.743595 | BTCUSDT | WATCH | Flat | Score: -13.5
2026-02-27T21:48:07.749178 | ETHUSDT | WATCH | Flat | Score: -14.8
2026-02-27T21:48:07.754805 | BNBUSDT | WATCH | Flat | Score: 1.5
2026-02-27T21:58:05.953676 | BTCUSDT | WATCH | Flat | Score: -14.1
2026-02-27T21:58:05.959707 | ETHUSDT | WATCH | Flat | Score: -13.6
2026-02-27T21:58:05.965582 | BNBUSDT | WATCH | Flat | Score: 1.2
2026-02-27T22:08:06.913368 | BTCUSDT | WATCH | Flat | Score: -14.8
2026-02-27T22:08:06.924481 | ETHUSDT | WATCH | Flat | Score: -12.9
2026-02-27T22:08:06.930734 | BNBUSDT | WATCH | Flat | Score: -0.3
2026-02-27T22:18:08.992487 | BTCUSDT | WATCH | Flat | Score: -13.6
2026-02-27T22:18:08.997343 | ETHUSDT | WATCH | Flat | Score: -12.3
2026-02-27T22:18:09.002012 | BNBUSDT | WATCH | Flat | Score: -0.3
2026-02-27T22:28:05.907791 | BTCUSDT | WATCH | Flat | Score: -14.5
2026-02-27T22:28:05.913073 | ETHUSDT | WATCH | Flat | Score: -14.1
2026-02-27T22:28:05.917884 | BNBUSDT | WATCH | Flat | Score: 0.6
2026-02-27T22:38:05.682806 | BTCUSDT | WATCH | Flat | Score: -13.0
2026-02-27T22:38:05.687791 | ETHUSDT | WATCH | Flat | Score: -12.0
2026-02-27T22:38:05.693488 | BNBUSDT | WATCH | Flat | Score: 0.7
2026-02-27T22:48:06.041047 | BTCUSDT | WATCH | Flat | Score: -16.2
2026-02-27T22:48:06.046251 | ETHUSDT | WATCH | Flat | Score: -15.5
2026-02-27T22:48:06.052829 | BNBUSDT | WATCH | Flat | Score: 0.4
2026-02-27T22:58:05.478927 | BTCUSDT | WATCH | Flat | Score: -16.2
2026-02-27T22:58:05.484658 | ETHUSDT | WATCH | Flat | Score: -15.5
2026-02-27T22:58:05.490332 | BNBUSDT | WATCH | Flat | Score: 0.1
2026-02-27T23:08:05.913347 | BTCUSDT | WATCH | Flat | Score: -12.1
2026-02-27T23:08:05.918369 | ETHUSDT | WATCH | Flat | Score: -10.7
2026-02-27T23:08:05.923107 | BNBUSDT | WATCH | Flat | Score: 1.0
2026-02-27T23:18:05.839145 | BTCUSDT | WATCH | Flat | Score: -13.5
2026-02-27T23:18:05.844251 | ETHUSDT | WATCH | Flat | Score: -10.4
2026-02-27T23:18:05.849179 | BNBUSDT | WATCH | Flat | Score: -0.3
2026-02-27T23:28:06.098313 | BTCUSDT | WATCH | Flat | Score: -13.8
2026-02-27T23:28:06.103551 | ETHUSDT | WATCH | Flat | Score: -11.6
2026-02-27T23:28:06.108370 | BNBUSDT | WATCH | Flat | Score: 0.3
2026-02-27T23:38:05.749300 | BTCUSDT | WATCH | Flat | Score: -14.1
2026-02-27T23:38:05.754307 | ETHUSDT | WATCH | Flat | Score: -12.3
2026-02-27T23:38:05.758939 | BNBUSDT | WATCH | Flat | Score: 0.0
2026-02-27T23:48:06.020861 | BTCUSDT | WATCH | Flat | Score: -13.2
2026-02-27T23:48:06.025930 | ETHUSDT | WATCH | Flat | Score: -12.7
2026-02-27T23:48:06.030614 | BNBUSDT | WATCH | Flat | Score: 0.3
2026-02-27T23:58:05.837939 | BTCUSDT | WATCH | Flat | Score: -13.5
2026-02-27T23:58:05.843150 | ETHUSDT | WATCH | Flat | Score: -13.0
2026-02-27T23:58:05.847912 | BNBUSDT | WATCH | Flat | Score: 0.3
2026-02-28T00:08:06.026525 | BTCUSDT | WATCH | Flat | Score: -13.2
2026-02-28T00:08:06.031563 | ETHUSDT | WATCH | Flat | Score: -16.6
2026-02-28T00:08:06.036378 | BNBUSDT | WATCH | Flat | Score: -1.3
2026-02-28T00:18:06.057614 | BTCUSDT | WATCH | Flat | Score: -14.8
2026-02-28T00:18:06.062762 | ETHUSDT | WATCH | Flat | Score: -16.3
2026-02-28T00:18:06.067571 | BNBUSDT | WATCH | Flat | Score: -1.8
2026-02-28T00:28:05.832388 | BTCUSDT | WATCH | Flat | Score: -14.2
2026-02-28T00:28:05.838179 | ETHUSDT | WATCH | Flat | Score: -16.0
2026-02-28T00:28:05.843874 | BNBUSDT | WATCH | Flat | Score: -1.2
2026-02-28T00:38:05.860432 | BTCUSDT | WATCH | Flat | Score: -13.5
2026-02-28T00:38:05.865450 | ETHUSDT | WATCH | Flat | Score: -15.0
2026-02-28T00:38:05.870177 | BNBUSDT | WATCH | Flat | Score: -1.9
2026-02-28T00:48:05.672738 | BTCUSDT | WATCH | Flat | Score: -16.6
2026-02-28T00:48:05.677858 | ETHUSDT | WATCH | Flat | Score: -17.9
2026-02-28T00:48:05.682553 | BNBUSDT | WATCH | Flat | Score: -1.2
2026-02-28T00:58:05.763946 | BTCUSDT | WATCH | Flat | Score: -17.5
2026-02-28T00:58:05.768935 | ETHUSDT | WATCH | Flat | Score: -18.2
2026-02-28T00:58:05.773541 | BNBUSDT | WATCH | Flat | Score: -2.4
2026-02-28T01:08:06.894902 | BTCUSDT | WATCH | Flat | Score: -16.9
2026-02-28T01:08:06.900177 | ETHUSDT | WATCH | Flat | Score: -19.3
2026-02-28T01:08:06.905021 | BNBUSDT | WATCH | Flat | Score: -3.5
2026-02-28T01:18:06.296873 | BTCUSDT | WATCH | Flat | Score: -16.2
2026-02-28T01:18:06.303390 | ETHUSDT | WATCH | Flat | Score: -19.6
2026-02-28T01:18:06.309110 | BNBUSDT | WATCH | Flat | Score: -2.5
2026-02-28T01:28:06.115237 | BTCUSDT | WATCH | Flat | Score: -18.0
2026-02-28T01:28:06.120381 | ETHUSDT | WATCH | Flat | Score: -20.2
2026-02-28T01:28:06.125221 | BNBUSDT | WATCH | Flat | Score: -4.3
2026-02-28T01:38:05.923720 | BTCUSDT | WATCH | Flat | Score: -18.7
2026-02-28T01:38:05.928743 | ETHUSDT | WATCH | Flat | Score: -20.2
2026-02-28T01:38:05.933500 | BNBUSDT | WATCH | Flat | Score: -5.0
2026-02-28T01:48:05.913892 | BTCUSDT | WATCH | Flat | Score: -17.5
2026-02-28T01:48:05.919018 | ETHUSDT | WATCH | Flat | Score: -20.2
2026-02-28T01:48:05.923879 | BNBUSDT | WATCH | Flat | Score: -3.8
2026-02-28T01:58:05.914458 | BTCUSDT | WATCH | Flat | Score: -18.1
2026-02-28T01:58:05.919493 | ETHUSDT | WATCH | Flat | Score: -20.2
2026-02-28T01:58:05.924229 | BNBUSDT | WATCH | Flat | Score: -3.8
2026-02-28T02:08:06.096986 | BTCUSDT | WATCH | Flat | Score: -17.7
2026-02-28T02:08:06.102127 | ETHUSDT | WATCH | Flat | Score: -18.9
2026-02-28T02:08:06.107025 | BNBUSDT | WATCH | Flat | Score: -2.4
2026-02-28T02:18:05.470649 | BTCUSDT | WATCH | Flat | Score: -18.3
2026-02-28T02:18:05.475892 | ETHUSDT | WATCH | Flat | Score: -18.9
2026-02-28T02:18:05.480779 | BNBUSDT | WATCH | Flat | Score: -3.1
2026-02-28T02:28:05.742533 | BTCUSDT | WATCH | Flat | Score: -18.3
2026-02-28T02:28:05.747686 | ETHUSDT | WATCH | Flat | Score: -19.5
2026-02-28T02:28:05.752399 | BNBUSDT | WATCH | Flat | Score: -3.1
2026-02-28T02:38:05.874942 | BTCUSDT | WATCH | Flat | Score: -17.1
2026-02-28T02:38:05.880094 | ETHUSDT | WATCH | Flat | Score: -18.9
2026-02-28T02:38:05.884990 | BNBUSDT | WATCH | Flat | Score: -1.8
2026-02-28T02:48:05.976700 | BTCUSDT | WATCH | Flat | Score: -17.6
2026-02-28T02:48:05.983464 | ETHUSDT | WATCH | Flat | Score: -18.2
2026-02-28T02:48:05.990005 | BNBUSDT | WATCH | Flat | Score: -1.2
2026-02-28T02:58:05.945601 | BTCUSDT | WATCH | Flat | Score: -18.2
2026-02-28T02:58:05.950848 | ETHUSDT | WATCH | Flat | Score: -18.8
2026-02-28T02:58:05.955790 | BNBUSDT | WATCH | Flat | Score: -2.4
2026-02-28T03:08:06.281050 | BTCUSDT | WATCH | Flat | Score: -18.9
2026-02-28T03:08:06.287276 | ETHUSDT | WATCH | Flat | Score: -19.2
2026-02-28T03:08:06.293251 | BNBUSDT | WATCH | Flat | Score: -2.4
2026-02-28T03:18:07.368238 | BTCUSDT | WATCH | Flat | Score: -18.5
2026-02-28T03:18:07.373495 | ETHUSDT | WATCH | Flat | Score: -18.2
2026-02-28T03:18:07.378377 | BNBUSDT | WATCH | Flat | Score: -3.6
2026-02-28T03:28:06.425371 | BTCUSDT | WATCH | Flat | Score: -17.6
2026-02-28T03:28:06.430540 | ETHUSDT | WATCH | Flat | Score: -18.2
2026-02-28T03:28:06.435621 | BNBUSDT | WATCH | Flat | Score: -1.8
2026-02-28T03:38:06.558910 | BTCUSDT | WATCH | Flat | Score: -18.9
2026-02-28T03:38:06.564182 | ETHUSDT | WATCH | Flat | Score: -18.8
2026-02-28T03:38:06.569404 | BNBUSDT | WATCH | Flat | Score: -2.4
2026-02-28T03:48:07.187406 | BTCUSDT | WATCH | Flat | Score: -19.6
2026-02-28T03:48:07.192627 | ETHUSDT | WATCH | Flat | Score: -19.6
2026-02-28T03:48:07.197613 | BNBUSDT | WATCH | Flat | Score: -3.2
2026-02-28T03:58:06.259026 | BTCUSDT | WATCH | Flat | Score: -19.6
2026-02-28T03:58:06.264319 | ETHUSDT | WATCH | Flat | Score: -19.0
2026-02-28T03:58:06.270496 | BNBUSDT | WATCH | Flat | Score: -2.6
2026-02-28T04:08:06.051489 | BTCUSDT | WATCH | Flat | Score: -10.9
2026-02-28T04:08:06.056802 | ETHUSDT | WATCH | Flat | Score: -18.8
2026-02-28T04:08:06.061841 | BNBUSDT | WATCH | Flat | Score: -2.5
2026-02-28T04:18:06.306587 | BTCUSDT | WATCH | Flat | Score: -10.2
2026-02-28T04:18:06.311728 | ETHUSDT | WATCH | Flat | Score: -18.5
2026-02-28T04:18:06.316471 | BNBUSDT | WATCH | Flat | Score: -3.1
2026-02-28T04:28:06.811281 | BTCUSDT | WATCH | Flat | Score: -10.2
2026-02-28T04:28:06.816432 | ETHUSDT | WATCH | Flat | Score: -18.2
2026-02-28T04:28:06.821294 | BNBUSDT | WATCH | Flat | Score: -3.1
2026-02-28T04:38:05.950728 | BTCUSDT | WATCH | Flat | Score: -9.6
2026-02-28T04:38:05.955923 | ETHUSDT | WATCH | Flat | Score: -17.9
2026-02-28T04:38:05.962158 | BNBUSDT | WATCH | Flat | Score: -2.8
2026-02-28T04:48:06.411928 | BTCUSDT | WATCH | Flat | Score: -10.1
2026-02-28T04:48:06.417463 | ETHUSDT | WATCH | Flat | Score: -19.5
2026-02-28T04:48:06.423611 | BNBUSDT | WATCH | Flat | Score: -2.1
2026-02-28T04:58:06.243001 | BTCUSDT | WATCH | Flat | Score: -10.4
2026-02-28T04:58:06.248477 | ETHUSDT | WATCH | Flat | Score: -18.6
2026-02-28T04:58:06.253598 | BNBUSDT | WATCH | Flat | Score: -1.8
2026-02-28T05:08:06.067923 | BTCUSDT | WATCH | Flat | Score: -7.8
2026-02-28T05:08:06.073150 | ETHUSDT | WATCH | Flat | Score: -16.9
2026-02-28T05:08:06.078069 | BNBUSDT | WATCH | Flat | Score: -2.6
2026-02-28T05:18:06.299097 | BTCUSDT | WATCH | Flat | Score: -11.0
2026-02-28T05:18:06.304745 | ETHUSDT | WATCH | Flat | Score: -18.3
2026-02-28T05:18:06.309631 | BNBUSDT | WATCH | Flat | Score: -2.6
2026-02-28T05:28:06.076159 | BTCUSDT | WATCH | Flat | Score: -9.8
2026-02-28T05:28:06.081476 | ETHUSDT | WATCH | Flat | Score: -18.9
2026-02-28T05:28:06.086743 | BNBUSDT | WATCH | Flat | Score: -3.2
2026-02-28T05:38:06.376650 | BTCUSDT | WATCH | Flat | Score: -11.0
2026-02-28T05:38:06.381943 | ETHUSDT | WATCH | Flat | Score: -19.9
2026-02-28T05:38:06.386935 | BNBUSDT | WATCH | Flat | Score: -3.5
2026-02-28T05:48:06.106150 | BTCUSDT | WATCH | Flat | Score: -9.4
2026-02-28T05:48:06.111629 | ETHUSDT | WATCH | Flat | Score: -18.8
2026-02-28T05:48:06.116614 | BNBUSDT | WATCH | Flat | Score: -3.8
2026-02-28T05:58:05.789341 | BTCUSDT | WATCH | Flat | Score: -10.3
2026-02-28T05:58:05.794556 | ETHUSDT | WATCH | Flat | Score: -18.5
2026-02-28T05:58:05.799649 | BNBUSDT | WATCH | Flat | Score: -3.8
2026-02-28T06:08:06.190499 | BTCUSDT | WATCH | Flat | Score: -9.9
2026-02-28T06:08:06.195819 | ETHUSDT | WATCH | Flat | Score: -19.2
2026-02-28T06:08:06.200750 | BNBUSDT | WATCH | Flat | Score: -0.7
2026-02-28T06:18:06.633955 | BTCUSDT | WATCH | Flat | Score: -9.6
2026-02-28T06:18:06.639461 | ETHUSDT | WATCH | Flat | Score: -18.5
2026-02-28T06:18:06.644566 | BNBUSDT | WATCH | Flat | Score: -2.5
2026-02-28T06:28:06.141832 | BTCUSDT | WATCH | Flat | Score: -9.9
2026-02-28T06:28:06.147459 | ETHUSDT | WATCH | Flat | Score: -18.8
2026-02-28T06:28:06.153566 | BNBUSDT | WATCH | Flat | Score: -3.1
2026-02-28T06:38:06.262330 | BTCUSDT | WATCH | Flat | Score: -10.2
2026-02-28T06:38:06.267701 | ETHUSDT | WATCH | Flat | Score: -18.2
2026-02-28T06:38:06.272721 | BNBUSDT | WATCH | Flat | Score: -3.7
2026-02-28T06:48:06.187446 | BTCUSDT | WATCH | Flat | Score: -9.6
2026-02-28T06:48:06.192870 | ETHUSDT | WATCH | Flat | Score: -16.8
2026-02-28T06:48:06.197852 | BNBUSDT | WATCH | Flat | Score: -1.8
2026-02-28T06:58:06.264546 | BTCUSDT | WATCH | Flat | Score: -9.0
2026-02-28T06:58:06.270055 | ETHUSDT | WATCH | Flat | Score: -16.8
2026-02-28T06:58:06.275166 | BNBUSDT | WATCH | Flat | Score: -1.5
2026-02-28T07:08:07.238940 | BTCUSDT | WATCH | Flat | Score: -7.0
2026-02-28T07:08:07.244383 | ETHUSDT | WATCH | Flat | Score: -19.5
2026-02-28T07:08:07.249490 | BNBUSDT | WATCH | Flat | Score: -1.2
2026-02-28T07:18:06.225594 | BTCUSDT | WATCH | Flat | Score: -9.0
2026-02-28T07:18:06.231007 | ETHUSDT | WATCH | Flat | Score: -18.9
2026-02-28T07:18:06.236239 | BNBUSDT | WATCH | Flat | Score: 0.8
2026-02-28T07:28:06.168142 | BTCUSDT | WATCH | Flat | Score: -8.7
2026-02-28T07:28:06.173410 | ETHUSDT | WATCH | Flat | Score: -18.6
2026-02-28T07:28:06.178381 | BNBUSDT | WATCH | Flat | Score: -0.4
2026-02-28T07:38:05.803861 | BTCUSDT | WATCH | Flat | Score: -9.1
2026-02-28T07:38:05.809386 | ETHUSDT | WATCH | Flat | Score: -17.6
2026-02-28T07:38:05.814398 | BNBUSDT | WATCH | Flat | Score: -1.9
2026-02-28T07:48:06.482427 | BTCUSDT | WATCH | Flat | Score: -9.4
2026-02-28T07:48:06.487913 | ETHUSDT | WATCH | Flat | Score: -16.8
2026-02-28T07:48:06.492991 | BNBUSDT | WATCH | Flat | Score: 0.8
2026-02-28T07:58:06.069021 | BTCUSDT | WATCH | Flat | Score: -8.8
2026-02-28T07:58:06.078321 | ETHUSDT | WATCH | Flat | Score: -16.2
2026-02-28T07:58:06.083366 | BNBUSDT | WATCH | Flat | Score: 0.2
2026-02-28T08:08:07.051781 | BTCUSDT | WATCH | Flat | Score: -11.9
2026-02-28T08:08:07.058048 | ETHUSDT | WATCH | Flat | Score: -12.7
2026-02-28T08:08:07.064268 | BNBUSDT | WATCH | Flat | Score: -1.5
2026-02-28T08:18:06.198015 | BTCUSDT | WATCH | Flat | Score: -11.8
2026-02-28T08:18:06.203842 | ETHUSDT | WATCH | Flat | Score: -14.0
2026-02-28T08:18:06.210633 | BNBUSDT | WATCH | Flat | Score: -4.6
2026-02-28T08:28:06.630204 | BTCUSDT | WATCH | Flat | Score: -11.5
2026-02-28T08:28:06.635759 | ETHUSDT | WATCH | Flat | Score: -13.4
2026-02-28T08:28:06.640784 | BNBUSDT | WATCH | Flat | Score: -4.9
2026-02-28T08:38:06.970261 | BTCUSDT | WATCH | Flat | Score: -13.2
2026-02-28T08:38:06.975824 | ETHUSDT | WATCH | Flat | Score: -14.4
2026-02-28T08:38:06.980918 | BNBUSDT | WATCH | Flat | Score: -3.5
2026-02-28T08:48:06.269087 | BTCUSDT | WATCH | Flat | Score: -12.9
2026-02-28T08:48:06.274529 | ETHUSDT | WATCH | Flat | Score: -14.8
2026-02-28T08:48:06.279618 | BNBUSDT | WATCH | Flat | Score: -3.2
2026-02-28T08:58:05.876929 | BTCUSDT | WATCH | Flat | Score: -13.5
2026-02-28T08:58:05.882279 | ETHUSDT | WATCH | Flat | Score: -15.4
2026-02-28T08:58:05.887311 | BNBUSDT | WATCH | Flat | Score: -3.8
2026-02-28T09:18:05.867264 | BTCUSDT | WATCH | Flat | Score: -12.0
2026-02-28T09:18:05.872711 | ETHUSDT | WATCH | Flat | Score: -14.7
2026-02-28T09:18:05.879122 | BNBUSDT | WATCH | Flat | Score: -2.0
2026-02-28T09:28:15.526142 | BTCUSDT | WATCH | Flat | Score: -11.1
2026-02-28T09:28:15.531744 | ETHUSDT | WATCH | Flat | Score: -14.1
2026-02-28T09:28:15.536918 | BNBUSDT | WATCH | Flat | Score: -2.3
2026-02-28T09:38:08.343023 | BTCUSDT | WATCH | Flat | Score: -11.4
2026-02-28T09:38:08.348503 | ETHUSDT | WATCH | Flat | Score: -14.3
2026-02-28T09:38:08.353699 | BNBUSDT | WATCH | Flat | Score: -1.3
2026-02-28T09:58:09.504971 | BTCUSDT | WATCH | Flat | Score: -12.1
2026-02-28T09:58:09.510432 | ETHUSDT | WATCH | Flat | Score: -15.4
2026-02-28T09:58:09.516646 | BNBUSDT | WATCH | Flat | Score: -1.8
2026-02-28T10:28:13.463372 | BTCUSDT | WATCH | Flat | Score: -10.6
2026-02-28T10:28:13.469469 | ETHUSDT | WATCH | Flat | Score: -14.7
2026-02-28T10:28:13.474694 | BNBUSDT | WATCH | Flat | Score: 2.2
2026-02-28T10:38:07.779751 | BTCUSDT | WATCH | Flat | Score: -10.0
2026-02-28T10:38:07.785051 | ETHUSDT | WATCH | Flat | Score: -15.4
2026-02-28T10:38:07.790259 | BNBUSDT | WATCH | Flat | Score: 3.1
2026-02-28T10:48:09.466009 | BTCUSDT | WATCH | Flat | Score: -10.6
2026-02-28T10:48:09.474473 | ETHUSDT | WATCH | Flat | Score: -15.4
2026-02-28T10:48:09.480935 | BNBUSDT | WATCH | Flat | Score: 4.2
2026-02-28T10:58:06.219684 | BTCUSDT | WATCH | Flat | Score: -10.6
2026-02-28T10:58:06.225222 | ETHUSDT | WATCH | Flat | Score: -14.8
2026-02-28T10:58:06.233389 | BNBUSDT | WATCH | Flat | Score: 3.6
2026-02-28T11:08:06.968069 | BTCUSDT | WATCH | Flat | Score: -10.5
2026-02-28T11:08:06.973628 | ETHUSDT | WATCH | Flat | Score: -14.4
2026-02-28T11:08:06.978794 | BNBUSDT | WATCH | Flat | Score: 2.6
2026-02-28T11:18:06.122148 | BTCUSDT | WATCH | Flat | Score: -9.2
2026-02-28T11:18:06.127776 | ETHUSDT | WATCH | Flat | Score: -16.1
2026-02-28T11:18:06.133013 | BNBUSDT | WATCH | Flat | Score: 2.9
2026-02-28T11:28:05.861563 | BTCUSDT | WATCH | Flat | Score: -9.5
2026-02-28T11:28:05.867097 | ETHUSDT | WATCH | Flat | Score: -14.9
2026-02-28T11:28:05.872297 | BNBUSDT | WATCH | Flat | Score: 2.3
2026-02-28T11:38:06.015072 | BTCUSDT | WATCH | Flat | Score: -11.2
2026-02-28T11:38:06.022861 | ETHUSDT | WATCH | Flat | Score: -16.0
2026-02-28T11:38:06.029367 | BNBUSDT | WATCH | Flat | Score: 0.6
2026-02-28T11:48:06.005585 | BTCUSDT | WATCH | Flat | Score: -10.5
2026-02-28T11:48:06.011186 | ETHUSDT | WATCH | Flat | Score: -15.3
2026-02-28T11:48:06.016431 | BNBUSDT | WATCH | Flat | Score: 2.6
2026-02-28T11:58:05.950481 | BTCUSDT | WATCH | Flat | Score: -10.5
2026-02-28T11:58:05.956085 | ETHUSDT | WATCH | Flat | Score: -15.3
2026-02-28T11:58:05.961445 | BNBUSDT | WATCH | Flat | Score: 2.6
2026-02-28T12:08:06.212390 | BTCUSDT | WATCH | Flat | Score: -15.1
2026-02-28T12:08:06.217922 | ETHUSDT | WATCH | Flat | Score: -18.0
2026-02-28T12:08:06.224895 | BNBUSDT | WATCH | Flat | Score: 1.2
2026-02-28T12:18:06.133631 | BTCUSDT | WATCH | Flat | Score: -15.4
2026-02-28T12:18:06.139304 | ETHUSDT | WATCH | Flat | Score: -18.1
2026-02-28T12:18:06.144689 | BNBUSDT | WATCH | Flat | Score: 4.6
2026-02-28T12:28:06.638074 | BTCUSDT | WATCH | Flat | Score: -14.8
2026-02-28T12:28:06.643865 | ETHUSDT | WATCH | Flat | Score: -18.4
2026-02-28T12:28:06.649177 | BNBUSDT | WATCH | Flat | Score: 3.4
2026-02-28T12:38:06.098410 | BTCUSDT | WATCH | Flat | Score: -13.7
2026-02-28T12:38:06.103902 | ETHUSDT | WATCH | Flat | Score: -16.1
2026-02-28T12:38:06.109251 | BNBUSDT | WATCH | Flat | Score: -3.3
2026-02-28T12:48:06.264244 | BTCUSDT | WATCH | Flat | Score: -15.1
2026-02-28T12:48:06.269546 | ETHUSDT | WATCH | Flat | Score: -17.1
2026-02-28T12:48:06.275682 | BNBUSDT | WATCH | Flat | Score: -2.2
2026-02-28T12:58:06.097682 | BTCUSDT | WATCH | Flat | Score: -15.4
2026-02-28T12:58:06.103319 | ETHUSDT | WATCH | Flat | Score: -18.0
2026-02-28T12:58:06.110948 | BNBUSDT | WATCH | Flat | Score: -2.2
2026-02-28T13:08:06.668708 | BTCUSDT | WATCH | Flat | Score: -10.4
2026-02-28T13:08:06.674309 | ETHUSDT | WATCH | Flat | Score: -15.2
2026-02-28T13:08:06.679516 | BNBUSDT | WATCH | Flat | Score: -0.1
2026-02-28T13:18:06.198299 | BTCUSDT | WATCH | Flat | Score: -11.7
2026-02-28T13:18:06.204706 | ETHUSDT | WATCH | Flat | Score: -15.2
2026-02-28T13:18:06.209948 | BNBUSDT | WATCH | Flat | Score: -1.5
2026-02-28T13:28:06.320948 | BTCUSDT | WATCH | Flat | Score: -11.1
2026-02-28T13:28:06.326399 | ETHUSDT | WATCH | Flat | Score: -15.2
2026-02-28T13:28:06.334253 | BNBUSDT | WATCH | Flat | Score: -0.9
2026-02-28T16:28:14.050359 | BTCUSDT | WATCH | Flat | Score: -14.7
2026-02-28T16:28:14.057545 | ETHUSDT | WATCH | Flat | Score: -17.7
2026-02-28T16:28:14.067584 | BNBUSDT | WATCH | Flat | Score: -1.8
